CRITICAL - 2023-05-08 16:32:41 --> syntax error, unexpected token "::"
in APPPATH\Controllers\Reservas.php on line 27.
 1 SYSTEMPATH\Autoloader\Autoloader.php(289): CodeIgniter\Autoloader\Autoloader->includeFile('C:\\Proyectos\\mejias\\app\\Controllers\\Reservas.php')
 2 SYSTEMPATH\Autoloader\Autoloader.php(267): CodeIgniter\Autoloader\Autoloader->loadInNamespace('App\\Controllers\\Reservas')
 3 [internal function]: CodeIgniter\Autoloader\Autoloader->loadClass('App\\Controllers\\Reservas')
 4 SYSTEMPATH\CodeIgniter.php(892): class_exists('\\App\\Controllers\\Reservas', true)
 5 SYSTEMPATH\CodeIgniter.php(486): CodeIgniter\CodeIgniter->startController()
 6 SYSTEMPATH\CodeIgniter.php(368): CodeIgniter\CodeIgniter->handleRequest(null, Object(Config\Cache), false)
 7 FCPATH\index.php(67): CodeIgniter\CodeIgniter->run()
CRITICAL - 2023-05-08 16:32:42 --> syntax error, unexpected token "::"
in APPPATH\Controllers\Reservas.php on line 27.
 1 SYSTEMPATH\Autoloader\Autoloader.php(289): CodeIgniter\Autoloader\Autoloader->includeFile('C:\\Proyectos\\mejias\\app\\Controllers\\Reservas.php')
 2 SYSTEMPATH\Autoloader\Autoloader.php(267): CodeIgniter\Autoloader\Autoloader->loadInNamespace('App\\Controllers\\Reservas')
 3 [internal function]: CodeIgniter\Autoloader\Autoloader->loadClass('App\\Controllers\\Reservas')
 4 SYSTEMPATH\CodeIgniter.php(892): class_exists('\\App\\Controllers\\Reservas', true)
 5 SYSTEMPATH\CodeIgniter.php(486): CodeIgniter\CodeIgniter->startController()
 6 SYSTEMPATH\CodeIgniter.php(368): CodeIgniter\CodeIgniter->handleRequest(null, Object(Config\Cache), false)
 7 FCPATH\index.php(67): CodeIgniter\CodeIgniter->run()
CRITICAL - 2023-05-08 16:43:59 --> Class "App\Controllers\DateTime" not found
in APPPATH\Controllers\Reservas.php on line 24.
 1 SYSTEMPATH\CodeIgniter.php(934): App\Controllers\Reservas->reservarMesa()
 2 SYSTEMPATH\CodeIgniter.php(499): CodeIgniter\CodeIgniter->runController(Object(App\Controllers\Reservas))
 3 SYSTEMPATH\CodeIgniter.php(368): CodeIgniter\CodeIgniter->handleRequest(null, Object(Config\Cache), false)
 4 FCPATH\index.php(67): CodeIgniter\CodeIgniter->run()
CRITICAL - 2023-05-08 16:50:05 --> Allowed fields must be specified for model: "App\Models\Reservas_Mesa"
in SYSTEMPATH\BaseModel.php on line 1242.
 1 SYSTEMPATH\BaseModel.php(1242): CodeIgniter\Database\Exceptions\DataException::forInvalidAllowedFields('App\\Models\\Reservas_Mesa')
 2 SYSTEMPATH\BaseModel.php(757): CodeIgniter\BaseModel->doProtectFields([...])
 3 SYSTEMPATH\Model.php(730): CodeIgniter\BaseModel->insert([...], true)
 4 APPPATH\Models\Reservas_Mesa.php(17): CodeIgniter\Model->insert([...])
 5 APPPATH\Controllers\Reservas.php(38): App\Models\Reservas_Mesa->insertReservaMesa([...], 4)
 6 SYSTEMPATH\CodeIgniter.php(934): App\Controllers\Reservas->reservarMesa()
 7 SYSTEMPATH\CodeIgniter.php(499): CodeIgniter\CodeIgniter->runController(Object(App\Controllers\Reservas))
 8 SYSTEMPATH\CodeIgniter.php(368): CodeIgniter\CodeIgniter->handleRequest(null, Object(Config\Cache), false)
 9 FCPATH\index.php(67): CodeIgniter\CodeIgniter->run()
CRITICAL - 2023-05-08 16:52:32 --> Allowed fields must be specified for model: "App\Models\Reservas_Mesa"
in SYSTEMPATH\BaseModel.php on line 1242.
 1 SYSTEMPATH\BaseModel.php(1242): CodeIgniter\Database\Exceptions\DataException::forInvalidAllowedFields('App\\Models\\Reservas_Mesa')
 2 SYSTEMPATH\BaseModel.php(757): CodeIgniter\BaseModel->doProtectFields([...])
 3 SYSTEMPATH\Model.php(730): CodeIgniter\BaseModel->insert([...], true)
 4 APPPATH\Models\Reservas_Mesa.php(17): CodeIgniter\Model->insert([...])
 5 APPPATH\Controllers\Reservas.php(40): App\Models\Reservas_Mesa->insertReservaMesa([...], 4)
 6 SYSTEMPATH\CodeIgniter.php(934): App\Controllers\Reservas->reservarMesa()
 7 SYSTEMPATH\CodeIgniter.php(499): CodeIgniter\CodeIgniter->runController(Object(App\Controllers\Reservas))
 8 SYSTEMPATH\CodeIgniter.php(368): CodeIgniter\CodeIgniter->handleRequest(null, Object(Config\Cache), false)
 9 FCPATH\index.php(67): CodeIgniter\CodeIgniter->run()
