CRITICAL - 2023-05-13 17:24:16 --> Trying to access array offset on value of type null
in APPPATH\Views\template\admin.php on line 68.
 1 APPPATH\Views\template\admin.php(68): CodeIgniter\Debug\Exceptions->errorHandler(2, 'Trying to access array offset on value of type null', 'C:\\Proyectos\\mejias\\app\\Views\\template\\admin.php', 68)
 2 SYSTEMPATH\View\View.php(213): include('C:\\Proyectos\\mejias\\app\\Views\\template\\admin.php')
 3 SYSTEMPATH\View\View.php(216): CodeIgniter\View\View->CodeIgniter\View\{closure}()
 4 SYSTEMPATH\Common.php(1184): CodeIgniter\View\View->render('template/admin', [], true)
 5 APPPATH\Controllers\Admin.php(27): view('template/admin', [...])
 6 SYSTEMPATH\CodeIgniter.php(934): App\Controllers\Admin->opReservas()
 7 SYSTEMPATH\CodeIgniter.php(499): CodeIgniter\CodeIgniter->runController(Object(App\Controllers\Admin))
 8 SYSTEMPATH\CodeIgniter.php(368): CodeIgniter\CodeIgniter->handleRequest(null, Object(Config\Cache), false)
 9 FCPATH\index.php(67): CodeIgniter\CodeIgniter->run()
CRITICAL - 2023-05-13 17:24:41 --> Trying to access array offset on value of type null
in APPPATH\Views\template\admin.php on line 68.
 1 APPPATH\Views\template\admin.php(68): CodeIgniter\Debug\Exceptions->errorHandler(2, 'Trying to access array offset on value of type null', 'C:\\Proyectos\\mejias\\app\\Views\\template\\admin.php', 68)
 2 SYSTEMPATH\View\View.php(213): include('C:\\Proyectos\\mejias\\app\\Views\\template\\admin.php')
 3 SYSTEMPATH\View\View.php(216): CodeIgniter\View\View->CodeIgniter\View\{closure}()
 4 SYSTEMPATH\Common.php(1184): CodeIgniter\View\View->render('template/admin', [], true)
 5 APPPATH\Controllers\Admin.php(27): view('template/admin', [...])
 6 SYSTEMPATH\CodeIgniter.php(934): App\Controllers\Admin->opReservas()
 7 SYSTEMPATH\CodeIgniter.php(499): CodeIgniter\CodeIgniter->runController(Object(App\Controllers\Admin))
 8 SYSTEMPATH\CodeIgniter.php(368): CodeIgniter\CodeIgniter->handleRequest(null, Object(Config\Cache), false)
 9 FCPATH\index.php(67): CodeIgniter\CodeIgniter->run()
CRITICAL - 2023-05-13 17:24:42 --> Trying to access array offset on value of type null
in APPPATH\Views\template\admin.php on line 68.
 1 APPPATH\Views\template\admin.php(68): CodeIgniter\Debug\Exceptions->errorHandler(2, 'Trying to access array offset on value of type null', 'C:\\Proyectos\\mejias\\app\\Views\\template\\admin.php', 68)
 2 SYSTEMPATH\View\View.php(213): include('C:\\Proyectos\\mejias\\app\\Views\\template\\admin.php')
 3 SYSTEMPATH\View\View.php(216): CodeIgniter\View\View->CodeIgniter\View\{closure}()
 4 SYSTEMPATH\Common.php(1184): CodeIgniter\View\View->render('template/admin', [], true)
 5 APPPATH\Controllers\Admin.php(27): view('template/admin', [...])
 6 SYSTEMPATH\CodeIgniter.php(934): App\Controllers\Admin->opReservas()
 7 SYSTEMPATH\CodeIgniter.php(499): CodeIgniter\CodeIgniter->runController(Object(App\Controllers\Admin))
 8 SYSTEMPATH\CodeIgniter.php(368): CodeIgniter\CodeIgniter->handleRequest(null, Object(Config\Cache), false)
 9 FCPATH\index.php(67): CodeIgniter\CodeIgniter->run()
