ERROR - 2023-04-25 06:48:05 --> mysqli_sql_exception: Cannot add or update a child row: a foreign key constraint fails (`mejias_aux`.`usuarios`, CONSTRAINT `fk_usuarios_1` FOREIGN KEY (`cod_rol`) REFERENCES `roles` (`cod_rol`) ON DELETE NO ACTION ON UPDATE CASCADE) in C:\Proyectos\mejias\system\Database\MySQLi\Connection.php:295
Stack trace:
#0 C:\Proyectos\mejias\system\Database\MySQLi\Connection.php(295): mysqli->query('INSERT INTO `us...', 0)
#1 C:\Proyectos\mejias\system\Database\BaseConnection.php(691): CodeIgniter\Database\MySQLi\Connection->execute('INSERT INTO `us...')
#2 C:\Proyectos\mejias\system\Database\BaseConnection.php(605): CodeIgniter\Database\BaseConnection->simpleQuery('INSERT INTO `us...')
#3 C:\Proyectos\mejias\system\Database\BaseBuilder.php(2309): CodeIgniter\Database\BaseConnection->query('INSERT INTO `us...', Array, false)
#4 C:\Proyectos\mejias\system\Model.php(330): CodeIgniter\Database\BaseBuilder->insert()
#5 C:\Proyectos\mejias\system\BaseModel.php(782): CodeIgniter\Model->doInsert(Array)
#6 C:\Proyectos\mejias\system\Model.php(730): CodeIgniter\BaseModel->insert(Array, true)
#7 C:\Proyectos\mejias\app\Models\Usuarios.php(38): CodeIgniter\Model->insert(Array)
#8 C:\Proyectos\mejias\app\Controllers\Register.php(29): App\Models\Usuarios->insertaUsuario(Array)
#9 C:\Proyectos\mejias\system\CodeIgniter.php(934): App\Controllers\Register->doRegister()
#10 C:\Proyectos\mejias\system\CodeIgniter.php(499): CodeIgniter\CodeIgniter->runController(Object(App\Controllers\Register))
#11 C:\Proyectos\mejias\system\CodeIgniter.php(368): CodeIgniter\CodeIgniter->handleRequest(NULL, Object(Config\Cache), false)
#12 C:\Proyectos\mejias\public\index.php(67): CodeIgniter\CodeIgniter->run()
#13 {main}
CRITICAL - 2023-04-25 06:48:09 --> Cannot add or update a child row: a foreign key constraint fails (`mejias_aux`.`usuarios`, CONSTRAINT `fk_usuarios_1` FOREIGN KEY (`cod_rol`) REFERENCES `roles` (`cod_rol`) ON DELETE NO ACTION ON UPDATE CASCADE)
in SYSTEMPATH\Database\MySQLi\Connection.php on line 295.
 1 SYSTEMPATH\Database\MySQLi\Connection.php(295): mysqli->query('INSERT INTO `usuarios` (`nombre`, `apellido`, `email`, `password`) VALUES (\'David\', \'Morales\', \'davidmoralesm2003@gmail.com\', \'$2y$10$.lNwuLoGaQKQg880PeozE.gEYlV41U2XkN1uxfUTXtPY2oWqFx856\')', 0)
 2 SYSTEMPATH\Database\BaseConnection.php(691): CodeIgniter\Database\MySQLi\Connection->execute('INSERT INTO `usuarios` (`nombre`, `apellido`, `email`, `password`) VALUES (\'David\', \'Morales\', \'davidmoralesm2003@gmail.com\', \'$2y$10$.lNwuLoGaQKQg880PeozE.gEYlV41U2XkN1uxfUTXtPY2oWqFx856\')')
 3 SYSTEMPATH\Database\BaseConnection.php(605): CodeIgniter\Database\BaseConnection->simpleQuery('INSERT INTO `usuarios` (`nombre`, `apellido`, `email`, `password`) VALUES (\'David\', \'Morales\', \'davidmoralesm2003@gmail.com\', \'$2y$10$.lNwuLoGaQKQg880PeozE.gEYlV41U2XkN1uxfUTXtPY2oWqFx856\')')
 4 SYSTEMPATH\Database\BaseBuilder.php(2309): CodeIgniter\Database\BaseConnection->query('INSERT INTO `usuarios` (`nombre`, `apellido`, `email`, `password`) VALUES (:nombre:, :apellido:, :email:, :password:)', [...], false)
 5 SYSTEMPATH\Model.php(330): CodeIgniter\Database\BaseBuilder->insert()
 6 SYSTEMPATH\BaseModel.php(782): CodeIgniter\Model->doInsert([...])
 7 SYSTEMPATH\Model.php(730): CodeIgniter\BaseModel->insert([...], true)
 8 APPPATH\Models\Usuarios.php(38): CodeIgniter\Model->insert([...])
 9 APPPATH\Controllers\Register.php(29): App\Models\Usuarios->insertaUsuario([...])
10 SYSTEMPATH\CodeIgniter.php(934): App\Controllers\Register->doRegister()
11 SYSTEMPATH\CodeIgniter.php(499): CodeIgniter\CodeIgniter->runController(Object(App\Controllers\Register))
12 SYSTEMPATH\CodeIgniter.php(368): CodeIgniter\CodeIgniter->handleRequest(null, Object(Config\Cache), false)
13 FCPATH\index.php(67): CodeIgniter\CodeIgniter->run()
CRITICAL - 2023-04-25 07:01:25 --> syntax error, unexpected token "=", expecting "]"
in APPPATH\Controllers\Register.php on line 26.
 1 SYSTEMPATH\Autoloader\Autoloader.php(289): CodeIgniter\Autoloader\Autoloader->includeFile('C:\\Proyectos\\mejias\\app\\Controllers\\Register.php')
 2 SYSTEMPATH\Autoloader\Autoloader.php(267): CodeIgniter\Autoloader\Autoloader->loadInNamespace('App\\Controllers\\Register')
 3 [internal function]: CodeIgniter\Autoloader\Autoloader->loadClass('App\\Controllers\\Register')
 4 SYSTEMPATH\CodeIgniter.php(892): class_exists('\\App\\Controllers\\Register', true)
 5 SYSTEMPATH\CodeIgniter.php(486): CodeIgniter\CodeIgniter->startController()
 6 SYSTEMPATH\CodeIgniter.php(368): CodeIgniter\CodeIgniter->handleRequest(null, Object(Config\Cache), false)
 7 FCPATH\index.php(67): CodeIgniter\CodeIgniter->run()
CRITICAL - 2023-04-25 07:01:25 --> syntax error, unexpected token "=", expecting "]"
in APPPATH\Controllers\Register.php on line 26.
 1 SYSTEMPATH\Autoloader\Autoloader.php(289): CodeIgniter\Autoloader\Autoloader->includeFile('C:\\Proyectos\\mejias\\app\\Controllers\\Register.php')
 2 SYSTEMPATH\Autoloader\Autoloader.php(267): CodeIgniter\Autoloader\Autoloader->loadInNamespace('App\\Controllers\\Register')
 3 [internal function]: CodeIgniter\Autoloader\Autoloader->loadClass('App\\Controllers\\Register')
 4 SYSTEMPATH\CodeIgniter.php(892): class_exists('\\App\\Controllers\\Register', true)
 5 SYSTEMPATH\CodeIgniter.php(486): CodeIgniter\CodeIgniter->startController()
 6 SYSTEMPATH\CodeIgniter.php(368): CodeIgniter\CodeIgniter->handleRequest(null, Object(Config\Cache), false)
 7 FCPATH\index.php(67): CodeIgniter\CodeIgniter->run()
ERROR - 2023-04-25 07:04:19 --> mysqli_sql_exception: Cannot add or update a child row: a foreign key constraint fails (`mejias_aux`.`usuarios`, CONSTRAINT `fk_usuarios_1` FOREIGN KEY (`cod_rol`) REFERENCES `roles` (`cod_rol`) ON DELETE NO ACTION ON UPDATE CASCADE) in C:\Proyectos\mejias\system\Database\MySQLi\Connection.php:295
Stack trace:
#0 C:\Proyectos\mejias\system\Database\MySQLi\Connection.php(295): mysqli->query('INSERT INTO `us...', 0)
#1 C:\Proyectos\mejias\system\Database\BaseConnection.php(691): CodeIgniter\Database\MySQLi\Connection->execute('INSERT INTO `us...')
#2 C:\Proyectos\mejias\system\Database\BaseConnection.php(605): CodeIgniter\Database\BaseConnection->simpleQuery('INSERT INTO `us...')
#3 C:\Proyectos\mejias\system\Database\BaseBuilder.php(2309): CodeIgniter\Database\BaseConnection->query('INSERT INTO `us...', Array, false)
#4 C:\Proyectos\mejias\system\Model.php(330): CodeIgniter\Database\BaseBuilder->insert()
#5 C:\Proyectos\mejias\system\BaseModel.php(782): CodeIgniter\Model->doInsert(Array)
#6 C:\Proyectos\mejias\system\Model.php(730): CodeIgniter\BaseModel->insert(Array, true)
#7 C:\Proyectos\mejias\app\Models\Usuarios.php(38): CodeIgniter\Model->insert(Array)
#8 C:\Proyectos\mejias\app\Controllers\Register.php(34): App\Models\Usuarios->insertaUsuario(Array)
#9 C:\Proyectos\mejias\system\CodeIgniter.php(934): App\Controllers\Register->doRegister()
#10 C:\Proyectos\mejias\system\CodeIgniter.php(499): CodeIgniter\CodeIgniter->runController(Object(App\Controllers\Register))
#11 C:\Proyectos\mejias\system\CodeIgniter.php(368): CodeIgniter\CodeIgniter->handleRequest(NULL, Object(Config\Cache), false)
#12 C:\Proyectos\mejias\public\index.php(67): CodeIgniter\CodeIgniter->run()
#13 {main}
CRITICAL - 2023-04-25 07:04:26 --> Cannot add or update a child row: a foreign key constraint fails (`mejias_aux`.`usuarios`, CONSTRAINT `fk_usuarios_1` FOREIGN KEY (`cod_rol`) REFERENCES `roles` (`cod_rol`) ON DELETE NO ACTION ON UPDATE CASCADE)
in SYSTEMPATH\Database\MySQLi\Connection.php on line 295.
 1 SYSTEMPATH\Database\MySQLi\Connection.php(295): mysqli->query('INSERT INTO `usuarios` (`nombre`, `apellido`, `email`, `password`) VALUES (\'David\', \'Morales\', \'davidmoralesm2003@gmail.com\', \'$2y$10$1zth6Pjd1yFGfgrBWMG.WO.VVeFPXDPX3XlfgkYNub8j27LMONvvq\')', 0)
 2 SYSTEMPATH\Database\BaseConnection.php(691): CodeIgniter\Database\MySQLi\Connection->execute('INSERT INTO `usuarios` (`nombre`, `apellido`, `email`, `password`) VALUES (\'David\', \'Morales\', \'davidmoralesm2003@gmail.com\', \'$2y$10$1zth6Pjd1yFGfgrBWMG.WO.VVeFPXDPX3XlfgkYNub8j27LMONvvq\')')
 3 SYSTEMPATH\Database\BaseConnection.php(605): CodeIgniter\Database\BaseConnection->simpleQuery('INSERT INTO `usuarios` (`nombre`, `apellido`, `email`, `password`) VALUES (\'David\', \'Morales\', \'davidmoralesm2003@gmail.com\', \'$2y$10$1zth6Pjd1yFGfgrBWMG.WO.VVeFPXDPX3XlfgkYNub8j27LMONvvq\')')
 4 SYSTEMPATH\Database\BaseBuilder.php(2309): CodeIgniter\Database\BaseConnection->query('INSERT INTO `usuarios` (`nombre`, `apellido`, `email`, `password`) VALUES (:nombre:, :apellido:, :email:, :password:)', [...], false)
 5 SYSTEMPATH\Model.php(330): CodeIgniter\Database\BaseBuilder->insert()
 6 SYSTEMPATH\BaseModel.php(782): CodeIgniter\Model->doInsert([...])
 7 SYSTEMPATH\Model.php(730): CodeIgniter\BaseModel->insert([...], true)
 8 APPPATH\Models\Usuarios.php(38): CodeIgniter\Model->insert([...])
 9 APPPATH\Controllers\Register.php(34): App\Models\Usuarios->insertaUsuario([...])
10 SYSTEMPATH\CodeIgniter.php(934): App\Controllers\Register->doRegister()
11 SYSTEMPATH\CodeIgniter.php(499): CodeIgniter\CodeIgniter->runController(Object(App\Controllers\Register))
12 SYSTEMPATH\CodeIgniter.php(368): CodeIgniter\CodeIgniter->handleRequest(null, Object(Config\Cache), false)
13 FCPATH\index.php(67): CodeIgniter\CodeIgniter->run()
ERROR - 2023-04-25 07:05:26 --> mysqli_sql_exception: Cannot add or update a child row: a foreign key constraint fails (`mejias_aux`.`usuarios`, CONSTRAINT `fk_usuarios_1` FOREIGN KEY (`cod_rol`) REFERENCES `roles` (`cod_rol`) ON DELETE NO ACTION ON UPDATE CASCADE) in C:\Proyectos\mejias\system\Database\MySQLi\Connection.php:295
Stack trace:
#0 C:\Proyectos\mejias\system\Database\MySQLi\Connection.php(295): mysqli->query('INSERT INTO `us...', 0)
#1 C:\Proyectos\mejias\system\Database\BaseConnection.php(691): CodeIgniter\Database\MySQLi\Connection->execute('INSERT INTO `us...')
#2 C:\Proyectos\mejias\system\Database\BaseConnection.php(605): CodeIgniter\Database\BaseConnection->simpleQuery('INSERT INTO `us...')
#3 C:\Proyectos\mejias\system\Database\BaseBuilder.php(2309): CodeIgniter\Database\BaseConnection->query('INSERT INTO `us...', Array, false)
#4 C:\Proyectos\mejias\system\Model.php(330): CodeIgniter\Database\BaseBuilder->insert()
#5 C:\Proyectos\mejias\system\BaseModel.php(782): CodeIgniter\Model->doInsert(Array)
#6 C:\Proyectos\mejias\system\Model.php(730): CodeIgniter\BaseModel->insert(Array, true)
#7 C:\Proyectos\mejias\app\Models\Usuarios.php(38): CodeIgniter\Model->insert(Array)
#8 C:\Proyectos\mejias\app\Controllers\Register.php(34): App\Models\Usuarios->insertaUsuario(Array)
#9 C:\Proyectos\mejias\system\CodeIgniter.php(934): App\Controllers\Register->doRegister()
#10 C:\Proyectos\mejias\system\CodeIgniter.php(499): CodeIgniter\CodeIgniter->runController(Object(App\Controllers\Register))
#11 C:\Proyectos\mejias\system\CodeIgniter.php(368): CodeIgniter\CodeIgniter->handleRequest(NULL, Object(Config\Cache), false)
#12 C:\Proyectos\mejias\public\index.php(67): CodeIgniter\CodeIgniter->run()
#13 {main}
ERROR - 2023-04-25 07:06:56 --> mysqli_sql_exception: Cannot add or update a child row: a foreign key constraint fails (`mejias_aux`.`usuarios`, CONSTRAINT `fk_usuarios_1` FOREIGN KEY (`cod_rol`) REFERENCES `roles` (`cod_rol`) ON DELETE NO ACTION ON UPDATE CASCADE) in C:\Proyectos\mejias\system\Database\MySQLi\Connection.php:295
Stack trace:
#0 C:\Proyectos\mejias\system\Database\MySQLi\Connection.php(295): mysqli->query('INSERT INTO `us...', 0)
#1 C:\Proyectos\mejias\system\Database\BaseConnection.php(691): CodeIgniter\Database\MySQLi\Connection->execute('INSERT INTO `us...')
#2 C:\Proyectos\mejias\system\Database\BaseConnection.php(605): CodeIgniter\Database\BaseConnection->simpleQuery('INSERT INTO `us...')
#3 C:\Proyectos\mejias\system\Database\BaseBuilder.php(2309): CodeIgniter\Database\BaseConnection->query('INSERT INTO `us...', Array, false)
#4 C:\Proyectos\mejias\system\Model.php(330): CodeIgniter\Database\BaseBuilder->insert()
#5 C:\Proyectos\mejias\system\BaseModel.php(782): CodeIgniter\Model->doInsert(Array)
#6 C:\Proyectos\mejias\system\Model.php(730): CodeIgniter\BaseModel->insert(Array, true)
#7 C:\Proyectos\mejias\app\Models\Usuarios.php(38): CodeIgniter\Model->insert(Array)
#8 C:\Proyectos\mejias\app\Controllers\Register.php(34): App\Models\Usuarios->insertaUsuario(Array)
#9 C:\Proyectos\mejias\system\CodeIgniter.php(934): App\Controllers\Register->doRegister()
#10 C:\Proyectos\mejias\system\CodeIgniter.php(499): CodeIgniter\CodeIgniter->runController(Object(App\Controllers\Register))
#11 C:\Proyectos\mejias\system\CodeIgniter.php(368): CodeIgniter\CodeIgniter->handleRequest(NULL, Object(Config\Cache), false)
#12 C:\Proyectos\mejias\public\index.php(67): CodeIgniter\CodeIgniter->run()
#13 {main}
CRITICAL - 2023-04-25 07:07:15 --> Cannot add or update a child row: a foreign key constraint fails (`mejias_aux`.`usuarios`, CONSTRAINT `fk_usuarios_1` FOREIGN KEY (`cod_rol`) REFERENCES `roles` (`cod_rol`) ON DELETE NO ACTION ON UPDATE CASCADE)
in SYSTEMPATH\Database\MySQLi\Connection.php on line 295.
 1 SYSTEMPATH\Database\MySQLi\Connection.php(295): mysqli->query('INSERT INTO `usuarios` (`nombre`, `apellido`, `email`, `password`) VALUES (\'David\', \'Morales\', \'davidmoralesm2003@gmail.com\', \'$2y$10$mVWUvV9qwrxBp7x22hydx.QIhQSVW9rx5SrpWOthHthv9yrCXy/pe\')', 0)
 2 SYSTEMPATH\Database\BaseConnection.php(691): CodeIgniter\Database\MySQLi\Connection->execute('INSERT INTO `usuarios` (`nombre`, `apellido`, `email`, `password`) VALUES (\'David\', \'Morales\', \'davidmoralesm2003@gmail.com\', \'$2y$10$mVWUvV9qwrxBp7x22hydx.QIhQSVW9rx5SrpWOthHthv9yrCXy/pe\')')
 3 SYSTEMPATH\Database\BaseConnection.php(605): CodeIgniter\Database\BaseConnection->simpleQuery('INSERT INTO `usuarios` (`nombre`, `apellido`, `email`, `password`) VALUES (\'David\', \'Morales\', \'davidmoralesm2003@gmail.com\', \'$2y$10$mVWUvV9qwrxBp7x22hydx.QIhQSVW9rx5SrpWOthHthv9yrCXy/pe\')')
 4 SYSTEMPATH\Database\BaseBuilder.php(2309): CodeIgniter\Database\BaseConnection->query('INSERT INTO `usuarios` (`nombre`, `apellido`, `email`, `password`) VALUES (:nombre:, :apellido:, :email:, :password:)', [...], false)
 5 SYSTEMPATH\Model.php(330): CodeIgniter\Database\BaseBuilder->insert()
 6 SYSTEMPATH\BaseModel.php(782): CodeIgniter\Model->doInsert([...])
 7 SYSTEMPATH\Model.php(730): CodeIgniter\BaseModel->insert([...], true)
 8 APPPATH\Models\Usuarios.php(38): CodeIgniter\Model->insert([...])
 9 APPPATH\Controllers\Register.php(34): App\Models\Usuarios->insertaUsuario([...])
10 SYSTEMPATH\CodeIgniter.php(934): App\Controllers\Register->doRegister()
11 SYSTEMPATH\CodeIgniter.php(499): CodeIgniter\CodeIgniter->runController(Object(App\Controllers\Register))
12 SYSTEMPATH\CodeIgniter.php(368): CodeIgniter\CodeIgniter->handleRequest(null, Object(Config\Cache), false)
13 FCPATH\index.php(67): CodeIgniter\CodeIgniter->run()
ERROR - 2023-04-25 07:15:52 --> mysqli_sql_exception: Cannot add or update a child row: a foreign key constraint fails (`mejias_aux`.`usuarios`, CONSTRAINT `fk_usuarios_1` FOREIGN KEY (`cod_rol`) REFERENCES `roles` (`cod_rol`) ON DELETE NO ACTION ON UPDATE CASCADE) in C:\Proyectos\mejias\system\Database\MySQLi\Connection.php:295
Stack trace:
#0 C:\Proyectos\mejias\system\Database\MySQLi\Connection.php(295): mysqli->query('INSERT INTO `us...', 0)
#1 C:\Proyectos\mejias\system\Database\BaseConnection.php(691): CodeIgniter\Database\MySQLi\Connection->execute('INSERT INTO `us...')
#2 C:\Proyectos\mejias\system\Database\BaseConnection.php(605): CodeIgniter\Database\BaseConnection->simpleQuery('INSERT INTO `us...')
#3 C:\Proyectos\mejias\system\Database\BaseBuilder.php(2309): CodeIgniter\Database\BaseConnection->query('INSERT INTO `us...', Array, false)
#4 C:\Proyectos\mejias\system\Model.php(330): CodeIgniter\Database\BaseBuilder->insert()
#5 C:\Proyectos\mejias\system\BaseModel.php(782): CodeIgniter\Model->doInsert(Array)
#6 C:\Proyectos\mejias\system\Model.php(730): CodeIgniter\BaseModel->insert(Array, true)
#7 C:\Proyectos\mejias\app\Models\Usuarios.php(38): CodeIgniter\Model->insert(Array)
#8 C:\Proyectos\mejias\app\Controllers\Register.php(34): App\Models\Usuarios->insertaUsuario(Array)
#9 C:\Proyectos\mejias\system\CodeIgniter.php(934): App\Controllers\Register->doRegister()
#10 C:\Proyectos\mejias\system\CodeIgniter.php(499): CodeIgniter\CodeIgniter->runController(Object(App\Controllers\Register))
#11 C:\Proyectos\mejias\system\CodeIgniter.php(368): CodeIgniter\CodeIgniter->handleRequest(NULL, Object(Config\Cache), false)
#12 C:\Proyectos\mejias\public\index.php(67): CodeIgniter\CodeIgniter->run()
#13 {main}
CRITICAL - 2023-04-25 07:15:59 --> Cannot add or update a child row: a foreign key constraint fails (`mejias_aux`.`usuarios`, CONSTRAINT `fk_usuarios_1` FOREIGN KEY (`cod_rol`) REFERENCES `roles` (`cod_rol`) ON DELETE NO ACTION ON UPDATE CASCADE)
in SYSTEMPATH\Database\MySQLi\Connection.php on line 295.
 1 SYSTEMPATH\Database\MySQLi\Connection.php(295): mysqli->query('INSERT INTO `usuarios` (`nombre`, `apellido`, `email`, `password`) VALUES (\'David\', \'Morales\', \'davidmoralesm2003@gmail.com\', \'$2y$10$FwL7/8re7bdyX7y0F0mVh.9x8ygU5Dmo/Y1VZi0IWMaVSf/BICzz6\')', 0)
 2 SYSTEMPATH\Database\BaseConnection.php(691): CodeIgniter\Database\MySQLi\Connection->execute('INSERT INTO `usuarios` (`nombre`, `apellido`, `email`, `password`) VALUES (\'David\', \'Morales\', \'davidmoralesm2003@gmail.com\', \'$2y$10$FwL7/8re7bdyX7y0F0mVh.9x8ygU5Dmo/Y1VZi0IWMaVSf/BICzz6\')')
 3 SYSTEMPATH\Database\BaseConnection.php(605): CodeIgniter\Database\BaseConnection->simpleQuery('INSERT INTO `usuarios` (`nombre`, `apellido`, `email`, `password`) VALUES (\'David\', \'Morales\', \'davidmoralesm2003@gmail.com\', \'$2y$10$FwL7/8re7bdyX7y0F0mVh.9x8ygU5Dmo/Y1VZi0IWMaVSf/BICzz6\')')
 4 SYSTEMPATH\Database\BaseBuilder.php(2309): CodeIgniter\Database\BaseConnection->query('INSERT INTO `usuarios` (`nombre`, `apellido`, `email`, `password`) VALUES (:nombre:, :apellido:, :email:, :password:)', [...], false)
 5 SYSTEMPATH\Model.php(330): CodeIgniter\Database\BaseBuilder->insert()
 6 SYSTEMPATH\BaseModel.php(782): CodeIgniter\Model->doInsert([...])
 7 SYSTEMPATH\Model.php(730): CodeIgniter\BaseModel->insert([...], true)
 8 APPPATH\Models\Usuarios.php(38): CodeIgniter\Model->insert([...])
 9 APPPATH\Controllers\Register.php(34): App\Models\Usuarios->insertaUsuario([...])
10 SYSTEMPATH\CodeIgniter.php(934): App\Controllers\Register->doRegister()
11 SYSTEMPATH\CodeIgniter.php(499): CodeIgniter\CodeIgniter->runController(Object(App\Controllers\Register))
12 SYSTEMPATH\CodeIgniter.php(368): CodeIgniter\CodeIgniter->handleRequest(null, Object(Config\Cache), false)
13 FCPATH\index.php(67): CodeIgniter\CodeIgniter->run()
ERROR - 2023-04-25 07:16:03 --> mysqli_sql_exception: Cannot add or update a child row: a foreign key constraint fails (`mejias_aux`.`usuarios`, CONSTRAINT `fk_usuarios_1` FOREIGN KEY (`cod_rol`) REFERENCES `roles` (`cod_rol`) ON DELETE NO ACTION ON UPDATE CASCADE) in C:\Proyectos\mejias\system\Database\MySQLi\Connection.php:295
Stack trace:
#0 C:\Proyectos\mejias\system\Database\MySQLi\Connection.php(295): mysqli->query('INSERT INTO `us...', 0)
#1 C:\Proyectos\mejias\system\Database\BaseConnection.php(691): CodeIgniter\Database\MySQLi\Connection->execute('INSERT INTO `us...')
#2 C:\Proyectos\mejias\system\Database\BaseConnection.php(605): CodeIgniter\Database\BaseConnection->simpleQuery('INSERT INTO `us...')
#3 C:\Proyectos\mejias\system\Database\BaseBuilder.php(2309): CodeIgniter\Database\BaseConnection->query('INSERT INTO `us...', Array, false)
#4 C:\Proyectos\mejias\system\Model.php(330): CodeIgniter\Database\BaseBuilder->insert()
#5 C:\Proyectos\mejias\system\BaseModel.php(782): CodeIgniter\Model->doInsert(Array)
#6 C:\Proyectos\mejias\system\Model.php(730): CodeIgniter\BaseModel->insert(Array, true)
#7 C:\Proyectos\mejias\app\Models\Usuarios.php(38): CodeIgniter\Model->insert(Array)
#8 C:\Proyectos\mejias\app\Controllers\Register.php(34): App\Models\Usuarios->insertaUsuario(Array)
#9 C:\Proyectos\mejias\system\CodeIgniter.php(934): App\Controllers\Register->doRegister()
#10 C:\Proyectos\mejias\system\CodeIgniter.php(499): CodeIgniter\CodeIgniter->runController(Object(App\Controllers\Register))
#11 C:\Proyectos\mejias\system\CodeIgniter.php(368): CodeIgniter\CodeIgniter->handleRequest(NULL, Object(Config\Cache), false)
#12 C:\Proyectos\mejias\public\index.php(67): CodeIgniter\CodeIgniter->run()
#13 {main}
CRITICAL - 2023-04-25 07:16:06 --> Cannot add or update a child row: a foreign key constraint fails (`mejias_aux`.`usuarios`, CONSTRAINT `fk_usuarios_1` FOREIGN KEY (`cod_rol`) REFERENCES `roles` (`cod_rol`) ON DELETE NO ACTION ON UPDATE CASCADE)
in SYSTEMPATH\Database\MySQLi\Connection.php on line 295.
 1 SYSTEMPATH\Database\MySQLi\Connection.php(295): mysqli->query('INSERT INTO `usuarios` (`nombre`, `apellido`, `email`, `password`) VALUES (\'David\', \'Morales\', \'davidmoralesm2003@gmail.com\', \'$2y$10$Lj2Yh958vaNgscuzJ//VzeNVmDIw9UluQzOjgA8RjbT/P.3NKfvJK\')', 0)
 2 SYSTEMPATH\Database\BaseConnection.php(691): CodeIgniter\Database\MySQLi\Connection->execute('INSERT INTO `usuarios` (`nombre`, `apellido`, `email`, `password`) VALUES (\'David\', \'Morales\', \'davidmoralesm2003@gmail.com\', \'$2y$10$Lj2Yh958vaNgscuzJ//VzeNVmDIw9UluQzOjgA8RjbT/P.3NKfvJK\')')
 3 SYSTEMPATH\Database\BaseConnection.php(605): CodeIgniter\Database\BaseConnection->simpleQuery('INSERT INTO `usuarios` (`nombre`, `apellido`, `email`, `password`) VALUES (\'David\', \'Morales\', \'davidmoralesm2003@gmail.com\', \'$2y$10$Lj2Yh958vaNgscuzJ//VzeNVmDIw9UluQzOjgA8RjbT/P.3NKfvJK\')')
 4 SYSTEMPATH\Database\BaseBuilder.php(2309): CodeIgniter\Database\BaseConnection->query('INSERT INTO `usuarios` (`nombre`, `apellido`, `email`, `password`) VALUES (:nombre:, :apellido:, :email:, :password:)', [...], false)
 5 SYSTEMPATH\Model.php(330): CodeIgniter\Database\BaseBuilder->insert()
 6 SYSTEMPATH\BaseModel.php(782): CodeIgniter\Model->doInsert([...])
 7 SYSTEMPATH\Model.php(730): CodeIgniter\BaseModel->insert([...], true)
 8 APPPATH\Models\Usuarios.php(38): CodeIgniter\Model->insert([...])
 9 APPPATH\Controllers\Register.php(34): App\Models\Usuarios->insertaUsuario([...])
10 SYSTEMPATH\CodeIgniter.php(934): App\Controllers\Register->doRegister()
11 SYSTEMPATH\CodeIgniter.php(499): CodeIgniter\CodeIgniter->runController(Object(App\Controllers\Register))
12 SYSTEMPATH\CodeIgniter.php(368): CodeIgniter\CodeIgniter->handleRequest(null, Object(Config\Cache), false)
13 FCPATH\index.php(67): CodeIgniter\CodeIgniter->run()
ERROR - 2023-04-25 07:29:08 --> mysqli_sql_exception: Cannot add or update a child row: a foreign key constraint fails (`mejias_aux`.`usuarios`, CONSTRAINT `fk_usuarios_1` FOREIGN KEY (`cod_rol`) REFERENCES `roles` (`cod_rol`) ON DELETE NO ACTION ON UPDATE CASCADE) in C:\Proyectos\mejias\system\Database\MySQLi\Connection.php:295
Stack trace:
#0 C:\Proyectos\mejias\system\Database\MySQLi\Connection.php(295): mysqli->query('INSERT INTO `us...', 0)
#1 C:\Proyectos\mejias\system\Database\BaseConnection.php(691): CodeIgniter\Database\MySQLi\Connection->execute('INSERT INTO `us...')
#2 C:\Proyectos\mejias\system\Database\BaseConnection.php(605): CodeIgniter\Database\BaseConnection->simpleQuery('INSERT INTO `us...')
#3 C:\Proyectos\mejias\system\Database\BaseBuilder.php(2309): CodeIgniter\Database\BaseConnection->query('INSERT INTO `us...', Array, false)
#4 C:\Proyectos\mejias\system\Model.php(330): CodeIgniter\Database\BaseBuilder->insert()
#5 C:\Proyectos\mejias\system\BaseModel.php(782): CodeIgniter\Model->doInsert(Array)
#6 C:\Proyectos\mejias\system\Model.php(730): CodeIgniter\BaseModel->insert(Array, true)
#7 C:\Proyectos\mejias\app\Models\Usuarios.php(38): CodeIgniter\Model->insert(Array)
#8 C:\Proyectos\mejias\app\Controllers\Register.php(34): App\Models\Usuarios->insertaUsuario(Array)
#9 C:\Proyectos\mejias\system\CodeIgniter.php(934): App\Controllers\Register->doRegister()
#10 C:\Proyectos\mejias\system\CodeIgniter.php(499): CodeIgniter\CodeIgniter->runController(Object(App\Controllers\Register))
#11 C:\Proyectos\mejias\system\CodeIgniter.php(368): CodeIgniter\CodeIgniter->handleRequest(NULL, Object(Config\Cache), false)
#12 C:\Proyectos\mejias\public\index.php(67): CodeIgniter\CodeIgniter->run()
#13 {main}
CRITICAL - 2023-04-25 07:29:42 --> Cannot add or update a child row: a foreign key constraint fails (`mejias_aux`.`usuarios`, CONSTRAINT `fk_usuarios_1` FOREIGN KEY (`cod_rol`) REFERENCES `roles` (`cod_rol`) ON DELETE NO ACTION ON UPDATE CASCADE)
in SYSTEMPATH\Database\MySQLi\Connection.php on line 295.
 1 SYSTEMPATH\Database\MySQLi\Connection.php(295): mysqli->query('INSERT INTO `usuarios` (`nombre`, `apellido`, `email`, `password`) VALUES (\'David\', \'Morales\', \'davidmoralesm2003@gmail.com\', \'$2y$10$12x0kaWrmRYexWKHcbBGg.JgUHihtifSvyiWj/ZXKEwydVvXDuDqK\')', 0)
 2 SYSTEMPATH\Database\BaseConnection.php(691): CodeIgniter\Database\MySQLi\Connection->execute('INSERT INTO `usuarios` (`nombre`, `apellido`, `email`, `password`) VALUES (\'David\', \'Morales\', \'davidmoralesm2003@gmail.com\', \'$2y$10$12x0kaWrmRYexWKHcbBGg.JgUHihtifSvyiWj/ZXKEwydVvXDuDqK\')')
 3 SYSTEMPATH\Database\BaseConnection.php(605): CodeIgniter\Database\BaseConnection->simpleQuery('INSERT INTO `usuarios` (`nombre`, `apellido`, `email`, `password`) VALUES (\'David\', \'Morales\', \'davidmoralesm2003@gmail.com\', \'$2y$10$12x0kaWrmRYexWKHcbBGg.JgUHihtifSvyiWj/ZXKEwydVvXDuDqK\')')
 4 SYSTEMPATH\Database\BaseBuilder.php(2309): CodeIgniter\Database\BaseConnection->query('INSERT INTO `usuarios` (`nombre`, `apellido`, `email`, `password`) VALUES (:nombre:, :apellido:, :email:, :password:)', [...], false)
 5 SYSTEMPATH\Model.php(330): CodeIgniter\Database\BaseBuilder->insert()
 6 SYSTEMPATH\BaseModel.php(782): CodeIgniter\Model->doInsert([...])
 7 SYSTEMPATH\Model.php(730): CodeIgniter\BaseModel->insert([...], true)
 8 APPPATH\Models\Usuarios.php(38): CodeIgniter\Model->insert([...])
 9 APPPATH\Controllers\Register.php(34): App\Models\Usuarios->insertaUsuario([...])
10 SYSTEMPATH\CodeIgniter.php(934): App\Controllers\Register->doRegister()
11 SYSTEMPATH\CodeIgniter.php(499): CodeIgniter\CodeIgniter->runController(Object(App\Controllers\Register))
12 SYSTEMPATH\CodeIgniter.php(368): CodeIgniter\CodeIgniter->handleRequest(null, Object(Config\Cache), false)
13 FCPATH\index.php(67): CodeIgniter\CodeIgniter->run()
ERROR - 2023-04-25 07:33:05 --> mysqli_sql_exception: Cannot add or update a child row: a foreign key constraint fails (`mejias_aux`.`usuarios`, CONSTRAINT `fk_usuarios_roles` FOREIGN KEY (`cod_rol`) REFERENCES `roles` (`cod_rol`) ON UPDATE CASCADE) in C:\Proyectos\mejias\system\Database\MySQLi\Connection.php:295
Stack trace:
#0 C:\Proyectos\mejias\system\Database\MySQLi\Connection.php(295): mysqli->query('INSERT INTO `us...', 0)
#1 C:\Proyectos\mejias\system\Database\BaseConnection.php(691): CodeIgniter\Database\MySQLi\Connection->execute('INSERT INTO `us...')
#2 C:\Proyectos\mejias\system\Database\BaseConnection.php(605): CodeIgniter\Database\BaseConnection->simpleQuery('INSERT INTO `us...')
#3 C:\Proyectos\mejias\system\Database\BaseBuilder.php(2309): CodeIgniter\Database\BaseConnection->query('INSERT INTO `us...', Array, false)
#4 C:\Proyectos\mejias\system\Model.php(330): CodeIgniter\Database\BaseBuilder->insert()
#5 C:\Proyectos\mejias\system\BaseModel.php(782): CodeIgniter\Model->doInsert(Array)
#6 C:\Proyectos\mejias\system\Model.php(730): CodeIgniter\BaseModel->insert(Array, true)
#7 C:\Proyectos\mejias\app\Models\Usuarios.php(38): CodeIgniter\Model->insert(Array)
#8 C:\Proyectos\mejias\app\Controllers\Register.php(34): App\Models\Usuarios->insertaUsuario(Array)
#9 C:\Proyectos\mejias\system\CodeIgniter.php(934): App\Controllers\Register->doRegister()
#10 C:\Proyectos\mejias\system\CodeIgniter.php(499): CodeIgniter\CodeIgniter->runController(Object(App\Controllers\Register))
#11 C:\Proyectos\mejias\system\CodeIgniter.php(368): CodeIgniter\CodeIgniter->handleRequest(NULL, Object(Config\Cache), false)
#12 C:\Proyectos\mejias\public\index.php(67): CodeIgniter\CodeIgniter->run()
#13 {main}
CRITICAL - 2023-04-25 07:33:59 --> Cannot add or update a child row: a foreign key constraint fails (`mejias_aux`.`usuarios`, CONSTRAINT `fk_usuarios_roles` FOREIGN KEY (`cod_rol`) REFERENCES `roles` (`cod_rol`) ON UPDATE CASCADE)
in SYSTEMPATH\Database\MySQLi\Connection.php on line 295.
 1 SYSTEMPATH\Database\MySQLi\Connection.php(295): mysqli->query('INSERT INTO `usuarios` (`nombre`, `apellido`, `email`, `password`) VALUES (\'David\', \'Morales\', \'davidmoralesm2003@gmail.com\', \'$2y$10$NBd/xMlgXY4qOEV542rBvugsf.4AkDbMas9ubUTSMNs/1tkeONUJW\')', 0)
 2 SYSTEMPATH\Database\BaseConnection.php(691): CodeIgniter\Database\MySQLi\Connection->execute('INSERT INTO `usuarios` (`nombre`, `apellido`, `email`, `password`) VALUES (\'David\', \'Morales\', \'davidmoralesm2003@gmail.com\', \'$2y$10$NBd/xMlgXY4qOEV542rBvugsf.4AkDbMas9ubUTSMNs/1tkeONUJW\')')
 3 SYSTEMPATH\Database\BaseConnection.php(605): CodeIgniter\Database\BaseConnection->simpleQuery('INSERT INTO `usuarios` (`nombre`, `apellido`, `email`, `password`) VALUES (\'David\', \'Morales\', \'davidmoralesm2003@gmail.com\', \'$2y$10$NBd/xMlgXY4qOEV542rBvugsf.4AkDbMas9ubUTSMNs/1tkeONUJW\')')
 4 SYSTEMPATH\Database\BaseBuilder.php(2309): CodeIgniter\Database\BaseConnection->query('INSERT INTO `usuarios` (`nombre`, `apellido`, `email`, `password`) VALUES (:nombre:, :apellido:, :email:, :password:)', [...], false)
 5 SYSTEMPATH\Model.php(330): CodeIgniter\Database\BaseBuilder->insert()
 6 SYSTEMPATH\BaseModel.php(782): CodeIgniter\Model->doInsert([...])
 7 SYSTEMPATH\Model.php(730): CodeIgniter\BaseModel->insert([...], true)
 8 APPPATH\Models\Usuarios.php(38): CodeIgniter\Model->insert([...])
 9 APPPATH\Controllers\Register.php(34): App\Models\Usuarios->insertaUsuario([...])
10 SYSTEMPATH\CodeIgniter.php(934): App\Controllers\Register->doRegister()
11 SYSTEMPATH\CodeIgniter.php(499): CodeIgniter\CodeIgniter->runController(Object(App\Controllers\Register))
12 SYSTEMPATH\CodeIgniter.php(368): CodeIgniter\CodeIgniter->handleRequest(null, Object(Config\Cache), false)
13 FCPATH\index.php(67): CodeIgniter\CodeIgniter->run()
CRITICAL - 2023-04-25 08:06:33 --> Trying to access array offset on value of type null
in APPPATH\Models\Roles.php on line 25.
 1 APPPATH\Models\Roles.php(25): CodeIgniter\Debug\Exceptions->errorHandler(2, 'Trying to access array offset on value of type null', 'C:\\Proyectos\\mejias\\app\\Models\\Roles.php', 25)
 2 APPPATH\Controllers\Register.php(23): App\Models\Roles->dameIdRol('administrador')
 3 SYSTEMPATH\CodeIgniter.php(934): App\Controllers\Register->doRegister()
 4 SYSTEMPATH\CodeIgniter.php(499): CodeIgniter\CodeIgniter->runController(Object(App\Controllers\Register))
 5 SYSTEMPATH\CodeIgniter.php(368): CodeIgniter\CodeIgniter->handleRequest(null, Object(Config\Cache), false)
 6 FCPATH\index.php(67): CodeIgniter\CodeIgniter->run()
ERROR - 2023-04-25 08:10:38 --> mysqli_sql_exception: Cannot add or update a child row: a foreign key constraint fails (`mejias`.`usuarios`, CONSTRAINT `fk_usuarios_roles` FOREIGN KEY (`id_rol`) REFERENCES `roles` (`id_rol`) ON DELETE NO ACTION ON UPDATE CASCADE) in C:\Proyectos\mejias\system\Database\MySQLi\Connection.php:295
Stack trace:
#0 C:\Proyectos\mejias\system\Database\MySQLi\Connection.php(295): mysqli->query('INSERT INTO `us...', 0)
#1 C:\Proyectos\mejias\system\Database\BaseConnection.php(691): CodeIgniter\Database\MySQLi\Connection->execute('INSERT INTO `us...')
#2 C:\Proyectos\mejias\system\Database\BaseConnection.php(605): CodeIgniter\Database\BaseConnection->simpleQuery('INSERT INTO `us...')
#3 C:\Proyectos\mejias\system\Database\BaseBuilder.php(2309): CodeIgniter\Database\BaseConnection->query('INSERT INTO `us...', Array, false)
#4 C:\Proyectos\mejias\system\Model.php(330): CodeIgniter\Database\BaseBuilder->insert()
#5 C:\Proyectos\mejias\system\BaseModel.php(782): CodeIgniter\Model->doInsert(Array)
#6 C:\Proyectos\mejias\system\Model.php(730): CodeIgniter\BaseModel->insert(Array, true)
#7 C:\Proyectos\mejias\app\Models\Usuarios.php(47): CodeIgniter\Model->insert(Array)
#8 C:\Proyectos\mejias\app\Controllers\Register.php(34): App\Models\Usuarios->insertaUsuario(Array)
#9 C:\Proyectos\mejias\system\CodeIgniter.php(934): App\Controllers\Register->doRegister()
#10 C:\Proyectos\mejias\system\CodeIgniter.php(499): CodeIgniter\CodeIgniter->runController(Object(App\Controllers\Register))
#11 C:\Proyectos\mejias\system\CodeIgniter.php(368): CodeIgniter\CodeIgniter->handleRequest(NULL, Object(Config\Cache), false)
#12 C:\Proyectos\mejias\public\index.php(67): CodeIgniter\CodeIgniter->run()
#13 {main}
CRITICAL - 2023-04-25 08:10:50 --> Cannot add or update a child row: a foreign key constraint fails (`mejias`.`usuarios`, CONSTRAINT `fk_usuarios_roles` FOREIGN KEY (`id_rol`) REFERENCES `roles` (`id_rol`) ON DELETE NO ACTION ON UPDATE CASCADE)
in SYSTEMPATH\Database\MySQLi\Connection.php on line 295.
 1 SYSTEMPATH\Database\MySQLi\Connection.php(295): mysqli->query('INSERT INTO `usuarios` (`nombre`, `apellido`, `email`, `password`) VALUES (\'David\', \'Morales\', \'davidmoralesm2003@gmail.com\', \'$2y$10$chrjkZQ3je3rGdTtQ8WnPeswpWPoOmKPgeSB0e/RsF51dPFav4bTq\')', 0)
 2 SYSTEMPATH\Database\BaseConnection.php(691): CodeIgniter\Database\MySQLi\Connection->execute('INSERT INTO `usuarios` (`nombre`, `apellido`, `email`, `password`) VALUES (\'David\', \'Morales\', \'davidmoralesm2003@gmail.com\', \'$2y$10$chrjkZQ3je3rGdTtQ8WnPeswpWPoOmKPgeSB0e/RsF51dPFav4bTq\')')
 3 SYSTEMPATH\Database\BaseConnection.php(605): CodeIgniter\Database\BaseConnection->simpleQuery('INSERT INTO `usuarios` (`nombre`, `apellido`, `email`, `password`) VALUES (\'David\', \'Morales\', \'davidmoralesm2003@gmail.com\', \'$2y$10$chrjkZQ3je3rGdTtQ8WnPeswpWPoOmKPgeSB0e/RsF51dPFav4bTq\')')
 4 SYSTEMPATH\Database\BaseBuilder.php(2309): CodeIgniter\Database\BaseConnection->query('INSERT INTO `usuarios` (`nombre`, `apellido`, `email`, `password`) VALUES (:nombre:, :apellido:, :email:, :password:)', [...], false)
 5 SYSTEMPATH\Model.php(330): CodeIgniter\Database\BaseBuilder->insert()
 6 SYSTEMPATH\BaseModel.php(782): CodeIgniter\Model->doInsert([...])
 7 SYSTEMPATH\Model.php(730): CodeIgniter\BaseModel->insert([...], true)
 8 APPPATH\Models\Usuarios.php(47): CodeIgniter\Model->insert([...])
 9 APPPATH\Controllers\Register.php(34): App\Models\Usuarios->insertaUsuario([...])
10 SYSTEMPATH\CodeIgniter.php(934): App\Controllers\Register->doRegister()
11 SYSTEMPATH\CodeIgniter.php(499): CodeIgniter\CodeIgniter->runController(Object(App\Controllers\Register))
12 SYSTEMPATH\CodeIgniter.php(368): CodeIgniter\CodeIgniter->handleRequest(null, Object(Config\Cache), false)
13 FCPATH\index.php(67): CodeIgniter\CodeIgniter->run()
ERROR - 2023-04-25 08:15:58 --> mysqli_sql_exception: Cannot add or update a child row: a foreign key constraint fails (`mejias`.`usuarios`, CONSTRAINT `fk_usuarios_roles` FOREIGN KEY (`id_rol`) REFERENCES `roles` (`id_rol`) ON DELETE NO ACTION ON UPDATE CASCADE) in C:\Proyectos\mejias\system\Database\MySQLi\Connection.php:295
Stack trace:
#0 C:\Proyectos\mejias\system\Database\MySQLi\Connection.php(295): mysqli->query('INSERT INTO `us...', 0)
#1 C:\Proyectos\mejias\system\Database\BaseConnection.php(691): CodeIgniter\Database\MySQLi\Connection->execute('INSERT INTO `us...')
#2 C:\Proyectos\mejias\system\Database\BaseConnection.php(605): CodeIgniter\Database\BaseConnection->simpleQuery('INSERT INTO `us...')
#3 C:\Proyectos\mejias\system\Database\BaseBuilder.php(2309): CodeIgniter\Database\BaseConnection->query('INSERT INTO `us...', Array, false)
#4 C:\Proyectos\mejias\system\Model.php(330): CodeIgniter\Database\BaseBuilder->insert()
#5 C:\Proyectos\mejias\system\BaseModel.php(782): CodeIgniter\Model->doInsert(Array)
#6 C:\Proyectos\mejias\system\Model.php(730): CodeIgniter\BaseModel->insert(Array, true)
#7 C:\Proyectos\mejias\app\Models\Usuarios.php(47): CodeIgniter\Model->insert(Array)
#8 C:\Proyectos\mejias\app\Controllers\Register.php(34): App\Models\Usuarios->insertaUsuario(Array)
#9 C:\Proyectos\mejias\system\CodeIgniter.php(934): App\Controllers\Register->doRegister()
#10 C:\Proyectos\mejias\system\CodeIgniter.php(499): CodeIgniter\CodeIgniter->runController(Object(App\Controllers\Register))
#11 C:\Proyectos\mejias\system\CodeIgniter.php(368): CodeIgniter\CodeIgniter->handleRequest(NULL, Object(Config\Cache), false)
#12 C:\Proyectos\mejias\public\index.php(67): CodeIgniter\CodeIgniter->run()
#13 {main}
CRITICAL - 2023-04-25 08:16:02 --> Cannot add or update a child row: a foreign key constraint fails (`mejias`.`usuarios`, CONSTRAINT `fk_usuarios_roles` FOREIGN KEY (`id_rol`) REFERENCES `roles` (`id_rol`) ON DELETE NO ACTION ON UPDATE CASCADE)
in SYSTEMPATH\Database\MySQLi\Connection.php on line 295.
 1 SYSTEMPATH\Database\MySQLi\Connection.php(295): mysqli->query('INSERT INTO `usuarios` (`nombre`, `apellido`, `email`, `password`) VALUES (\'David\', \'Morales\', \'davidmoralesm2003@gmail.com\', \'$2y$10$On/5PQn4murbslPiHq3Em.PATg8l0FKlpz36kNFjxXd6tL7BnVnma\')', 0)
 2 SYSTEMPATH\Database\BaseConnection.php(691): CodeIgniter\Database\MySQLi\Connection->execute('INSERT INTO `usuarios` (`nombre`, `apellido`, `email`, `password`) VALUES (\'David\', \'Morales\', \'davidmoralesm2003@gmail.com\', \'$2y$10$On/5PQn4murbslPiHq3Em.PATg8l0FKlpz36kNFjxXd6tL7BnVnma\')')
 3 SYSTEMPATH\Database\BaseConnection.php(605): CodeIgniter\Database\BaseConnection->simpleQuery('INSERT INTO `usuarios` (`nombre`, `apellido`, `email`, `password`) VALUES (\'David\', \'Morales\', \'davidmoralesm2003@gmail.com\', \'$2y$10$On/5PQn4murbslPiHq3Em.PATg8l0FKlpz36kNFjxXd6tL7BnVnma\')')
 4 SYSTEMPATH\Database\BaseBuilder.php(2309): CodeIgniter\Database\BaseConnection->query('INSERT INTO `usuarios` (`nombre`, `apellido`, `email`, `password`) VALUES (:nombre:, :apellido:, :email:, :password:)', [...], false)
 5 SYSTEMPATH\Model.php(330): CodeIgniter\Database\BaseBuilder->insert()
 6 SYSTEMPATH\BaseModel.php(782): CodeIgniter\Model->doInsert([...])
 7 SYSTEMPATH\Model.php(730): CodeIgniter\BaseModel->insert([...], true)
 8 APPPATH\Models\Usuarios.php(47): CodeIgniter\Model->insert([...])
 9 APPPATH\Controllers\Register.php(34): App\Models\Usuarios->insertaUsuario([...])
10 SYSTEMPATH\CodeIgniter.php(934): App\Controllers\Register->doRegister()
11 SYSTEMPATH\CodeIgniter.php(499): CodeIgniter\CodeIgniter->runController(Object(App\Controllers\Register))
12 SYSTEMPATH\CodeIgniter.php(368): CodeIgniter\CodeIgniter->handleRequest(null, Object(Config\Cache), false)
13 FCPATH\index.php(67): CodeIgniter\CodeIgniter->run()
ERROR - 2023-04-25 08:21:39 --> mysqli_sql_exception: Cannot add or update a child row: a foreign key constraint fails (`mejias`.`usuarios`, CONSTRAINT `fk_usuarios_roles` FOREIGN KEY (`id_rol`) REFERENCES `roles` (`id_rol`) ON DELETE NO ACTION ON UPDATE CASCADE) in C:\Proyectos\mejias\system\Database\MySQLi\Connection.php:295
Stack trace:
#0 C:\Proyectos\mejias\system\Database\MySQLi\Connection.php(295): mysqli->query('INSERT INTO `us...', 0)
#1 C:\Proyectos\mejias\system\Database\BaseConnection.php(691): CodeIgniter\Database\MySQLi\Connection->execute('INSERT INTO `us...')
#2 C:\Proyectos\mejias\system\Database\BaseConnection.php(605): CodeIgniter\Database\BaseConnection->simpleQuery('INSERT INTO `us...')
#3 C:\Proyectos\mejias\system\Database\BaseBuilder.php(2309): CodeIgniter\Database\BaseConnection->query('INSERT INTO `us...', Array, false)
#4 C:\Proyectos\mejias\system\Model.php(330): CodeIgniter\Database\BaseBuilder->insert()
#5 C:\Proyectos\mejias\system\BaseModel.php(782): CodeIgniter\Model->doInsert(Array)
#6 C:\Proyectos\mejias\system\Model.php(730): CodeIgniter\BaseModel->insert(Array, true)
#7 C:\Proyectos\mejias\app\Models\Usuarios.php(47): CodeIgniter\Model->insert(Array)
#8 C:\Proyectos\mejias\app\Controllers\Register.php(34): App\Models\Usuarios->insertaUsuario(Array)
#9 C:\Proyectos\mejias\system\CodeIgniter.php(934): App\Controllers\Register->doRegister()
#10 C:\Proyectos\mejias\system\CodeIgniter.php(499): CodeIgniter\CodeIgniter->runController(Object(App\Controllers\Register))
#11 C:\Proyectos\mejias\system\CodeIgniter.php(368): CodeIgniter\CodeIgniter->handleRequest(NULL, Object(Config\Cache), false)
#12 C:\Proyectos\mejias\public\index.php(67): CodeIgniter\CodeIgniter->run()
#13 {main}
CRITICAL - 2023-04-25 08:21:39 --> Cannot add or update a child row: a foreign key constraint fails (`mejias`.`usuarios`, CONSTRAINT `fk_usuarios_roles` FOREIGN KEY (`id_rol`) REFERENCES `roles` (`id_rol`) ON DELETE NO ACTION ON UPDATE CASCADE)
in SYSTEMPATH\Database\MySQLi\Connection.php on line 295.
 1 SYSTEMPATH\Database\MySQLi\Connection.php(295): mysqli->query('INSERT INTO `usuarios` (`nombre`, `apellido`, `email`, `password`) VALUES (\'David\', \'Morales\', \'davidmoralesm2003@gmail.com\', \'$2y$10$IrtuIDYi2K4jL8tRFiNJ6u8jLJph9hdcO.IlRViGE0/2SMcy7fdrW\')', 0)
 2 SYSTEMPATH\Database\BaseConnection.php(691): CodeIgniter\Database\MySQLi\Connection->execute('INSERT INTO `usuarios` (`nombre`, `apellido`, `email`, `password`) VALUES (\'David\', \'Morales\', \'davidmoralesm2003@gmail.com\', \'$2y$10$IrtuIDYi2K4jL8tRFiNJ6u8jLJph9hdcO.IlRViGE0/2SMcy7fdrW\')')
 3 SYSTEMPATH\Database\BaseConnection.php(605): CodeIgniter\Database\BaseConnection->simpleQuery('INSERT INTO `usuarios` (`nombre`, `apellido`, `email`, `password`) VALUES (\'David\', \'Morales\', \'davidmoralesm2003@gmail.com\', \'$2y$10$IrtuIDYi2K4jL8tRFiNJ6u8jLJph9hdcO.IlRViGE0/2SMcy7fdrW\')')
 4 SYSTEMPATH\Database\BaseBuilder.php(2309): CodeIgniter\Database\BaseConnection->query('INSERT INTO `usuarios` (`nombre`, `apellido`, `email`, `password`) VALUES (:nombre:, :apellido:, :email:, :password:)', [...], false)
 5 SYSTEMPATH\Model.php(330): CodeIgniter\Database\BaseBuilder->insert()
 6 SYSTEMPATH\BaseModel.php(782): CodeIgniter\Model->doInsert([...])
 7 SYSTEMPATH\Model.php(730): CodeIgniter\BaseModel->insert([...], true)
 8 APPPATH\Models\Usuarios.php(47): CodeIgniter\Model->insert([...])
 9 APPPATH\Controllers\Register.php(34): App\Models\Usuarios->insertaUsuario([...])
10 SYSTEMPATH\CodeIgniter.php(934): App\Controllers\Register->doRegister()
11 SYSTEMPATH\CodeIgniter.php(499): CodeIgniter\CodeIgniter->runController(Object(App\Controllers\Register))
12 SYSTEMPATH\CodeIgniter.php(368): CodeIgniter\CodeIgniter->handleRequest(null, Object(Config\Cache), false)
13 FCPATH\index.php(67): CodeIgniter\CodeIgniter->run()
ERROR - 2023-04-25 08:22:19 --> mysqli_sql_exception: Cannot add or update a child row: a foreign key constraint fails (`mejias`.`usuarios`, CONSTRAINT `fk_usuarios_roles` FOREIGN KEY (`id_rol`) REFERENCES `roles` (`id_rol`) ON DELETE NO ACTION ON UPDATE CASCADE) in C:\Proyectos\mejias\system\Database\MySQLi\Connection.php:295
Stack trace:
#0 C:\Proyectos\mejias\system\Database\MySQLi\Connection.php(295): mysqli->query('INSERT INTO `us...', 0)
#1 C:\Proyectos\mejias\system\Database\BaseConnection.php(691): CodeIgniter\Database\MySQLi\Connection->execute('INSERT INTO `us...')
#2 C:\Proyectos\mejias\system\Database\BaseConnection.php(605): CodeIgniter\Database\BaseConnection->simpleQuery('INSERT INTO `us...')
#3 C:\Proyectos\mejias\system\Database\BaseBuilder.php(2309): CodeIgniter\Database\BaseConnection->query('INSERT INTO `us...', Array, false)
#4 C:\Proyectos\mejias\system\Model.php(330): CodeIgniter\Database\BaseBuilder->insert()
#5 C:\Proyectos\mejias\system\BaseModel.php(782): CodeIgniter\Model->doInsert(Array)
#6 C:\Proyectos\mejias\system\Model.php(730): CodeIgniter\BaseModel->insert(Array, true)
#7 C:\Proyectos\mejias\app\Models\Usuarios.php(47): CodeIgniter\Model->insert(Array)
#8 C:\Proyectos\mejias\app\Controllers\Register.php(34): App\Models\Usuarios->insertaUsuario(Array)
#9 C:\Proyectos\mejias\system\CodeIgniter.php(934): App\Controllers\Register->doRegister()
#10 C:\Proyectos\mejias\system\CodeIgniter.php(499): CodeIgniter\CodeIgniter->runController(Object(App\Controllers\Register))
#11 C:\Proyectos\mejias\system\CodeIgniter.php(368): CodeIgniter\CodeIgniter->handleRequest(NULL, Object(Config\Cache), false)
#12 C:\Proyectos\mejias\public\index.php(67): CodeIgniter\CodeIgniter->run()
#13 {main}
CRITICAL - 2023-04-25 08:22:20 --> Cannot add or update a child row: a foreign key constraint fails (`mejias`.`usuarios`, CONSTRAINT `fk_usuarios_roles` FOREIGN KEY (`id_rol`) REFERENCES `roles` (`id_rol`) ON DELETE NO ACTION ON UPDATE CASCADE)
in SYSTEMPATH\Database\MySQLi\Connection.php on line 295.
 1 SYSTEMPATH\Database\MySQLi\Connection.php(295): mysqli->query('INSERT INTO `usuarios` (`nombre`, `apellido`, `email`, `password`) VALUES (\'David\', \'Morales\', \'davidmoralesm2003@gmail.com\', \'$2y$10$AiixwsEi8Qm9/6em9L7KmOg3zaDhHWwkJcmR1jkUU0YG0ACE4.4sK\')', 0)
 2 SYSTEMPATH\Database\BaseConnection.php(691): CodeIgniter\Database\MySQLi\Connection->execute('INSERT INTO `usuarios` (`nombre`, `apellido`, `email`, `password`) VALUES (\'David\', \'Morales\', \'davidmoralesm2003@gmail.com\', \'$2y$10$AiixwsEi8Qm9/6em9L7KmOg3zaDhHWwkJcmR1jkUU0YG0ACE4.4sK\')')
 3 SYSTEMPATH\Database\BaseConnection.php(605): CodeIgniter\Database\BaseConnection->simpleQuery('INSERT INTO `usuarios` (`nombre`, `apellido`, `email`, `password`) VALUES (\'David\', \'Morales\', \'davidmoralesm2003@gmail.com\', \'$2y$10$AiixwsEi8Qm9/6em9L7KmOg3zaDhHWwkJcmR1jkUU0YG0ACE4.4sK\')')
 4 SYSTEMPATH\Database\BaseBuilder.php(2309): CodeIgniter\Database\BaseConnection->query('INSERT INTO `usuarios` (`nombre`, `apellido`, `email`, `password`) VALUES (:nombre:, :apellido:, :email:, :password:)', [...], false)
 5 SYSTEMPATH\Model.php(330): CodeIgniter\Database\BaseBuilder->insert()
 6 SYSTEMPATH\BaseModel.php(782): CodeIgniter\Model->doInsert([...])
 7 SYSTEMPATH\Model.php(730): CodeIgniter\BaseModel->insert([...], true)
 8 APPPATH\Models\Usuarios.php(47): CodeIgniter\Model->insert([...])
 9 APPPATH\Controllers\Register.php(34): App\Models\Usuarios->insertaUsuario([...])
10 SYSTEMPATH\CodeIgniter.php(934): App\Controllers\Register->doRegister()
11 SYSTEMPATH\CodeIgniter.php(499): CodeIgniter\CodeIgniter->runController(Object(App\Controllers\Register))
12 SYSTEMPATH\CodeIgniter.php(368): CodeIgniter\CodeIgniter->handleRequest(null, Object(Config\Cache), false)
13 FCPATH\index.php(67): CodeIgniter\CodeIgniter->run()
CRITICAL - 2023-04-25 08:57:43 --> Undefined variable $passwordHash
in APPPATH\Models\Usuarios.php on line 23.
 1 APPPATH\Models\Usuarios.php(23): CodeIgniter\Debug\Exceptions->errorHandler(2, 'Undefined variable $passwordHash', 'C:\\Proyectos\\mejias\\app\\Models\\Usuarios.php', 23)
 2 APPPATH\Controllers\Login.php(24): App\Models\Usuarios->buscaUsuario('davidmoralesm2003@gmail.com', 'pipisalinas7')
 3 SYSTEMPATH\CodeIgniter.php(934): App\Controllers\Login->doLogin()
 4 SYSTEMPATH\CodeIgniter.php(499): CodeIgniter\CodeIgniter->runController(Object(App\Controllers\Login))
 5 SYSTEMPATH\CodeIgniter.php(368): CodeIgniter\CodeIgniter->handleRequest(null, Object(Config\Cache), false)
 6 FCPATH\index.php(67): CodeIgniter\CodeIgniter->run()
