CRITICAL - 2023-04-24 14:49:25 --> Undefined variable $titulo
in APPPATH\Views\template\plantilla.php on line 8.
 1 APPPATH\Views\template\plantilla.php(8): CodeIgniter\Debug\Exceptions->errorHandler(2, 'Undefined variable $titulo', 'C:\\Proyectos\\mejias\\app\\Views\\template\\plantilla.php', 8)
 2 SYSTEMPATH\View\View.php(213): include('C:\\Proyectos\\mejias\\app\\Views\\template\\plantilla.php')
 3 SYSTEMPATH\View\View.php(216): CodeIgniter\View\View->CodeIgniter\View\{closure}()
 4 SYSTEMPATH\Common.php(1184): CodeIgniter\View\View->render('template/plantilla', [], true)
 5 APPPATH\Controllers\Login.php(11): view('template/plantilla', [...])
 6 SYSTEMPATH\CodeIgniter.php(934): App\Controllers\Login->login()
 7 SYSTEMPATH\CodeIgniter.php(499): CodeIgniter\CodeIgniter->runController(Object(App\Controllers\Login))
 8 SYSTEMPATH\CodeIgniter.php(368): CodeIgniter\CodeIgniter->handleRequest(null, Object(Config\Cache), false)
 9 FCPATH\index.php(67): CodeIgniter\CodeIgniter->run()
CRITICAL - 2023-04-24 14:49:27 --> Undefined variable $titulo
in APPPATH\Views\template\plantilla.php on line 8.
 1 APPPATH\Views\template\plantilla.php(8): CodeIgniter\Debug\Exceptions->errorHandler(2, 'Undefined variable $titulo', 'C:\\Proyectos\\mejias\\app\\Views\\template\\plantilla.php', 8)
 2 SYSTEMPATH\View\View.php(213): include('C:\\Proyectos\\mejias\\app\\Views\\template\\plantilla.php')
 3 SYSTEMPATH\View\View.php(216): CodeIgniter\View\View->CodeIgniter\View\{closure}()
 4 SYSTEMPATH\Common.php(1184): CodeIgniter\View\View->render('template/plantilla', [], true)
 5 APPPATH\Controllers\Login.php(11): view('template/plantilla', [...])
 6 SYSTEMPATH\CodeIgniter.php(934): App\Controllers\Login->login()
 7 SYSTEMPATH\CodeIgniter.php(499): CodeIgniter\CodeIgniter->runController(Object(App\Controllers\Login))
 8 SYSTEMPATH\CodeIgniter.php(368): CodeIgniter\CodeIgniter->handleRequest(null, Object(Config\Cache), false)
 9 FCPATH\index.php(67): CodeIgniter\CodeIgniter->run()
ERROR - 2023-04-24 15:19:02 --> Error connecting to the database: mysqli_sql_exception: Access denied for user 'david'@'localhost' (using password: YES) in C:\Proyectos\mejias\system\Database\MySQLi\Connection.php:173
Stack trace:
#0 C:\Proyectos\mejias\system\Database\MySQLi\Connection.php(173): mysqli->real_connect('localhost', 'david', Object(SensitiveParameterValue), 'mejias_aux', 3306, '', 0)
#1 C:\Proyectos\mejias\system\Database\BaseConnection.php(391): CodeIgniter\Database\MySQLi\Connection->connect(false)
#2 C:\Proyectos\mejias\system\Database\BaseConnection.php(573): CodeIgniter\Database\BaseConnection->initialize()
#3 C:\Proyectos\mejias\system\Database\BaseBuilder.php(1616): CodeIgniter\Database\BaseConnection->query('SELECT *\nFROM `...', Array, false)
#4 C:\Proyectos\mejias\system\Model.php(840): CodeIgniter\Database\BaseBuilder->get()
#5 C:\Proyectos\mejias\app\Models\Usuarios.php(18): CodeIgniter\Model->__call('get', Array)
#6 C:\Proyectos\mejias\app\Controllers\Login.php(24): App\Models\Usuarios->buscaUsuario('davidmoralesm20...', 'pipisalinas7')
#7 C:\Proyectos\mejias\system\CodeIgniter.php(934): App\Controllers\Login->doLogin()
#8 C:\Proyectos\mejias\system\CodeIgniter.php(499): CodeIgniter\CodeIgniter->runController(Object(App\Controllers\Login))
#9 C:\Proyectos\mejias\system\CodeIgniter.php(368): CodeIgniter\CodeIgniter->handleRequest(NULL, Object(Config\Cache), false)
#10 C:\Proyectos\mejias\public\index.php(67): CodeIgniter\CodeIgniter->run()
#11 {main}

Next CodeIgniter\Database\Exceptions\DatabaseException: Access denied for user '****'@'localhost' (using password: YES) in C:\Proyectos\mejias\system\Database\MySQLi\Connection.php:218
Stack trace:
#0 C:\Proyectos\mejias\system\Database\BaseConnection.php(391): CodeIgniter\Database\MySQLi\Connection->connect(false)
#1 C:\Proyectos\mejias\system\Database\BaseConnection.php(573): CodeIgniter\Database\BaseConnection->initialize()
#2 C:\Proyectos\mejias\system\Database\BaseBuilder.php(1616): CodeIgniter\Database\BaseConnection->query('SELECT *\nFROM `...', Array, false)
#3 C:\Proyectos\mejias\system\Model.php(840): CodeIgniter\Database\BaseBuilder->get()
#4 C:\Proyectos\mejias\app\Models\Usuarios.php(18): CodeIgniter\Model->__call('get', Array)
#5 C:\Proyectos\mejias\app\Controllers\Login.php(24): App\Models\Usuarios->buscaUsuario('davidmoralesm20...', 'pipisalinas7')
#6 C:\Proyectos\mejias\system\CodeIgniter.php(934): App\Controllers\Login->doLogin()
#7 C:\Proyectos\mejias\system\CodeIgniter.php(499): CodeIgniter\CodeIgniter->runController(Object(App\Controllers\Login))
#8 C:\Proyectos\mejias\system\CodeIgniter.php(368): CodeIgniter\CodeIgniter->handleRequest(NULL, Object(Config\Cache), false)
#9 C:\Proyectos\mejias\public\index.php(67): CodeIgniter\CodeIgniter->run()
#10 {main}
CRITICAL - 2023-04-24 15:19:06 --> Unable to connect to the database.
Main connection [MySQLi]: Access denied for user '****'@'localhost' (using password: YES)
in SYSTEMPATH\Database\BaseConnection.php on line 427.
 1 SYSTEMPATH\Database\BaseConnection.php(573): CodeIgniter\Database\BaseConnection->initialize()
 2 SYSTEMPATH\Database\BaseBuilder.php(1616): CodeIgniter\Database\BaseConnection->query('SELECT *
FROM `usuarios`
WHERE `email` = :email:
AND `borrado` = :borrado:', [...], false)
 3 SYSTEMPATH\Model.php(840): CodeIgniter\Database\BaseBuilder->get()
 4 APPPATH\Models\Usuarios.php(18): CodeIgniter\Model->__call('get', [])
 5 APPPATH\Controllers\Login.php(24): App\Models\Usuarios->buscaUsuario('davidmoralesm2003@gmail.com', 'pipisalinas7')
 6 SYSTEMPATH\CodeIgniter.php(934): App\Controllers\Login->doLogin()
 7 SYSTEMPATH\CodeIgniter.php(499): CodeIgniter\CodeIgniter->runController(Object(App\Controllers\Login))
 8 SYSTEMPATH\CodeIgniter.php(368): CodeIgniter\CodeIgniter->handleRequest(null, Object(Config\Cache), false)
 9 FCPATH\index.php(67): CodeIgniter\CodeIgniter->run()
ERROR - 2023-04-24 15:20:38 --> Error connecting to the database: mysqli_sql_exception: Access denied for user 'david'@'localhost' (using password: YES) in C:\Proyectos\mejias\system\Database\MySQLi\Connection.php:173
Stack trace:
#0 C:\Proyectos\mejias\system\Database\MySQLi\Connection.php(173): mysqli->real_connect('localhost', 'david', Object(SensitiveParameterValue), 'mejias_aux', 3306, '', 0)
#1 C:\Proyectos\mejias\system\Database\BaseConnection.php(391): CodeIgniter\Database\MySQLi\Connection->connect(false)
#2 C:\Proyectos\mejias\system\Database\BaseConnection.php(573): CodeIgniter\Database\BaseConnection->initialize()
#3 C:\Proyectos\mejias\system\Database\BaseBuilder.php(1616): CodeIgniter\Database\BaseConnection->query('SELECT *\nFROM `...', Array, false)
#4 C:\Proyectos\mejias\system\Model.php(840): CodeIgniter\Database\BaseBuilder->get()
#5 C:\Proyectos\mejias\app\Models\Usuarios.php(18): CodeIgniter\Model->__call('get', Array)
#6 C:\Proyectos\mejias\app\Controllers\Login.php(24): App\Models\Usuarios->buscaUsuario('davidmoralesm20...', 'pipisalinas7')
#7 C:\Proyectos\mejias\system\CodeIgniter.php(934): App\Controllers\Login->doLogin()
#8 C:\Proyectos\mejias\system\CodeIgniter.php(499): CodeIgniter\CodeIgniter->runController(Object(App\Controllers\Login))
#9 C:\Proyectos\mejias\system\CodeIgniter.php(368): CodeIgniter\CodeIgniter->handleRequest(NULL, Object(Config\Cache), false)
#10 C:\Proyectos\mejias\public\index.php(67): CodeIgniter\CodeIgniter->run()
#11 {main}

Next CodeIgniter\Database\Exceptions\DatabaseException: Access denied for user '****'@'localhost' (using password: YES) in C:\Proyectos\mejias\system\Database\MySQLi\Connection.php:218
Stack trace:
#0 C:\Proyectos\mejias\system\Database\BaseConnection.php(391): CodeIgniter\Database\MySQLi\Connection->connect(false)
#1 C:\Proyectos\mejias\system\Database\BaseConnection.php(573): CodeIgniter\Database\BaseConnection->initialize()
#2 C:\Proyectos\mejias\system\Database\BaseBuilder.php(1616): CodeIgniter\Database\BaseConnection->query('SELECT *\nFROM `...', Array, false)
#3 C:\Proyectos\mejias\system\Model.php(840): CodeIgniter\Database\BaseBuilder->get()
#4 C:\Proyectos\mejias\app\Models\Usuarios.php(18): CodeIgniter\Model->__call('get', Array)
#5 C:\Proyectos\mejias\app\Controllers\Login.php(24): App\Models\Usuarios->buscaUsuario('davidmoralesm20...', 'pipisalinas7')
#6 C:\Proyectos\mejias\system\CodeIgniter.php(934): App\Controllers\Login->doLogin()
#7 C:\Proyectos\mejias\system\CodeIgniter.php(499): CodeIgniter\CodeIgniter->runController(Object(App\Controllers\Login))
#8 C:\Proyectos\mejias\system\CodeIgniter.php(368): CodeIgniter\CodeIgniter->handleRequest(NULL, Object(Config\Cache), false)
#9 C:\Proyectos\mejias\public\index.php(67): CodeIgniter\CodeIgniter->run()
#10 {main}
CRITICAL - 2023-04-24 15:20:41 --> Unable to connect to the database.
Main connection [MySQLi]: Access denied for user '****'@'localhost' (using password: YES)
in SYSTEMPATH\Database\BaseConnection.php on line 427.
 1 SYSTEMPATH\Database\BaseConnection.php(573): CodeIgniter\Database\BaseConnection->initialize()
 2 SYSTEMPATH\Database\BaseBuilder.php(1616): CodeIgniter\Database\BaseConnection->query('SELECT *
FROM `usuarios`
WHERE `email` = :email:
AND `borrado` = :borrado:', [...], false)
 3 SYSTEMPATH\Model.php(840): CodeIgniter\Database\BaseBuilder->get()
 4 APPPATH\Models\Usuarios.php(18): CodeIgniter\Model->__call('get', [])
 5 APPPATH\Controllers\Login.php(24): App\Models\Usuarios->buscaUsuario('davidmoralesm2003@gmail.com', 'pipisalinas7')
 6 SYSTEMPATH\CodeIgniter.php(934): App\Controllers\Login->doLogin()
 7 SYSTEMPATH\CodeIgniter.php(499): CodeIgniter\CodeIgniter->runController(Object(App\Controllers\Login))
 8 SYSTEMPATH\CodeIgniter.php(368): CodeIgniter\CodeIgniter->handleRequest(null, Object(Config\Cache), false)
 9 FCPATH\index.php(67): CodeIgniter\CodeIgniter->run()
ERROR - 2023-04-24 15:21:21 --> Error connecting to the database: mysqli_sql_exception: Access denied for user 'david'@'localhost' (using password: YES) in C:\Proyectos\mejias\system\Database\MySQLi\Connection.php:173
Stack trace:
#0 C:\Proyectos\mejias\system\Database\MySQLi\Connection.php(173): mysqli->real_connect('localhost', 'david', Object(SensitiveParameterValue), 'mejias_aux', 3306, '', 0)
#1 C:\Proyectos\mejias\system\Database\BaseConnection.php(391): CodeIgniter\Database\MySQLi\Connection->connect(false)
#2 C:\Proyectos\mejias\system\Database\BaseConnection.php(573): CodeIgniter\Database\BaseConnection->initialize()
#3 C:\Proyectos\mejias\system\Database\BaseBuilder.php(1616): CodeIgniter\Database\BaseConnection->query('SELECT *\nFROM `...', Array, false)
#4 C:\Proyectos\mejias\system\Model.php(268): CodeIgniter\Database\BaseBuilder->get()
#5 C:\Proyectos\mejias\system\BaseModel.php(656): CodeIgniter\Model->doFirst()
#6 C:\Proyectos\mejias\app\Models\Usuarios.php(18): CodeIgniter\BaseModel->first()
#7 C:\Proyectos\mejias\app\Controllers\Login.php(24): App\Models\Usuarios->buscaUsuario('davidmoralesm20...', 'pipisalinas7')
#8 C:\Proyectos\mejias\system\CodeIgniter.php(934): App\Controllers\Login->doLogin()
#9 C:\Proyectos\mejias\system\CodeIgniter.php(499): CodeIgniter\CodeIgniter->runController(Object(App\Controllers\Login))
#10 C:\Proyectos\mejias\system\CodeIgniter.php(368): CodeIgniter\CodeIgniter->handleRequest(NULL, Object(Config\Cache), false)
#11 C:\Proyectos\mejias\public\index.php(67): CodeIgniter\CodeIgniter->run()
#12 {main}

Next CodeIgniter\Database\Exceptions\DatabaseException: Access denied for user '****'@'localhost' (using password: YES) in C:\Proyectos\mejias\system\Database\MySQLi\Connection.php:218
Stack trace:
#0 C:\Proyectos\mejias\system\Database\BaseConnection.php(391): CodeIgniter\Database\MySQLi\Connection->connect(false)
#1 C:\Proyectos\mejias\system\Database\BaseConnection.php(573): CodeIgniter\Database\BaseConnection->initialize()
#2 C:\Proyectos\mejias\system\Database\BaseBuilder.php(1616): CodeIgniter\Database\BaseConnection->query('SELECT *\nFROM `...', Array, false)
#3 C:\Proyectos\mejias\system\Model.php(268): CodeIgniter\Database\BaseBuilder->get()
#4 C:\Proyectos\mejias\system\BaseModel.php(656): CodeIgniter\Model->doFirst()
#5 C:\Proyectos\mejias\app\Models\Usuarios.php(18): CodeIgniter\BaseModel->first()
#6 C:\Proyectos\mejias\app\Controllers\Login.php(24): App\Models\Usuarios->buscaUsuario('davidmoralesm20...', 'pipisalinas7')
#7 C:\Proyectos\mejias\system\CodeIgniter.php(934): App\Controllers\Login->doLogin()
#8 C:\Proyectos\mejias\system\CodeIgniter.php(499): CodeIgniter\CodeIgniter->runController(Object(App\Controllers\Login))
#9 C:\Proyectos\mejias\system\CodeIgniter.php(368): CodeIgniter\CodeIgniter->handleRequest(NULL, Object(Config\Cache), false)
#10 C:\Proyectos\mejias\public\index.php(67): CodeIgniter\CodeIgniter->run()
#11 {main}
CRITICAL - 2023-04-24 15:21:22 --> Unable to connect to the database.
Main connection [MySQLi]: Access denied for user '****'@'localhost' (using password: YES)
in SYSTEMPATH\Database\BaseConnection.php on line 427.
 1 SYSTEMPATH\Database\BaseConnection.php(573): CodeIgniter\Database\BaseConnection->initialize()
 2 SYSTEMPATH\Database\BaseBuilder.php(1616): CodeIgniter\Database\BaseConnection->query('SELECT *
FROM `usuarios`
WHERE `email` = :email:
AND `borrado` = :borrado:
 LIMIT 1', [...], false)
 3 SYSTEMPATH\Model.php(268): CodeIgniter\Database\BaseBuilder->get()
 4 SYSTEMPATH\BaseModel.php(656): CodeIgniter\Model->doFirst()
 5 APPPATH\Models\Usuarios.php(18): CodeIgniter\BaseModel->first()
 6 APPPATH\Controllers\Login.php(24): App\Models\Usuarios->buscaUsuario('davidmoralesm2003@gmail.com', 'pipisalinas7')
 7 SYSTEMPATH\CodeIgniter.php(934): App\Controllers\Login->doLogin()
 8 SYSTEMPATH\CodeIgniter.php(499): CodeIgniter\CodeIgniter->runController(Object(App\Controllers\Login))
 9 SYSTEMPATH\CodeIgniter.php(368): CodeIgniter\CodeIgniter->handleRequest(null, Object(Config\Cache), false)
10 FCPATH\index.php(67): CodeIgniter\CodeIgniter->run()
CRITICAL - 2023-04-24 15:59:18 --> Allowed fields must be specified for model: "App\Models\Usuarios"
in SYSTEMPATH\BaseModel.php on line 1242.
 1 SYSTEMPATH\BaseModel.php(1242): CodeIgniter\Database\Exceptions\DataException::forInvalidAllowedFields('App\\Models\\Usuarios')
 2 SYSTEMPATH\BaseModel.php(757): CodeIgniter\BaseModel->doProtectFields([...])
 3 SYSTEMPATH\Model.php(730): CodeIgniter\BaseModel->insert([...], true)
 4 APPPATH\Models\Usuarios.php(39): CodeIgniter\Model->insert([...])
 5 APPPATH\Controllers\Register.php(20): App\Models\Usuarios->insertaUsuario()
 6 SYSTEMPATH\CodeIgniter.php(934): App\Controllers\Register->doRegister()
 7 SYSTEMPATH\CodeIgniter.php(499): CodeIgniter\CodeIgniter->runController(Object(App\Controllers\Register))
 8 SYSTEMPATH\CodeIgniter.php(368): CodeIgniter\CodeIgniter->handleRequest(null, Object(Config\Cache), false)
 9 FCPATH\index.php(67): CodeIgniter\CodeIgniter->run()
ERROR - 2023-04-24 16:00:57 --> mysqli_sql_exception: Cannot add or update a child row: a foreign key constraint fails (`mejias`.`usuarios`, CONSTRAINT `fk_usuarios_1` FOREIGN KEY (`cod_rol`) REFERENCES `roles` (`cod_rol`) ON DELETE NO ACTION ON UPDATE CASCADE) in C:\Proyectos\mejias\system\Database\MySQLi\Connection.php:295
Stack trace:
#0 C:\Proyectos\mejias\system\Database\MySQLi\Connection.php(295): mysqli->query('INSERT INTO `us...', 0)
#1 C:\Proyectos\mejias\system\Database\BaseConnection.php(691): CodeIgniter\Database\MySQLi\Connection->execute('INSERT INTO `us...')
#2 C:\Proyectos\mejias\system\Database\BaseConnection.php(605): CodeIgniter\Database\BaseConnection->simpleQuery('INSERT INTO `us...')
#3 C:\Proyectos\mejias\system\Database\BaseBuilder.php(2309): CodeIgniter\Database\BaseConnection->query('INSERT INTO `us...', Array, false)
#4 C:\Proyectos\mejias\system\Model.php(330): CodeIgniter\Database\BaseBuilder->insert()
#5 C:\Proyectos\mejias\system\BaseModel.php(782): CodeIgniter\Model->doInsert(Array)
#6 C:\Proyectos\mejias\system\Model.php(730): CodeIgniter\BaseModel->insert(Array, true)
#7 C:\Proyectos\mejias\app\Models\Usuarios.php(40): CodeIgniter\Model->insert(Array)
#8 C:\Proyectos\mejias\app\Controllers\Register.php(20): App\Models\Usuarios->insertaUsuario()
#9 C:\Proyectos\mejias\system\CodeIgniter.php(934): App\Controllers\Register->doRegister()
#10 C:\Proyectos\mejias\system\CodeIgniter.php(499): CodeIgniter\CodeIgniter->runController(Object(App\Controllers\Register))
#11 C:\Proyectos\mejias\system\CodeIgniter.php(368): CodeIgniter\CodeIgniter->handleRequest(NULL, Object(Config\Cache), false)
#12 C:\Proyectos\mejias\public\index.php(67): CodeIgniter\CodeIgniter->run()
#13 {main}
CRITICAL - 2023-04-24 16:01:01 --> Cannot add or update a child row: a foreign key constraint fails (`mejias`.`usuarios`, CONSTRAINT `fk_usuarios_1` FOREIGN KEY (`cod_rol`) REFERENCES `roles` (`cod_rol`) ON DELETE NO ACTION ON UPDATE CASCADE)
in SYSTEMPATH\Database\MySQLi\Connection.php on line 295.
 1 SYSTEMPATH\Database\MySQLi\Connection.php(295): mysqli->query('INSERT INTO `usuarios` (`nombre`, `apellido`, `email`, `password`) VALUES (\'David\', \'Morales\', \'davidmoralesm2003@gmail.com\', \'$2y$10$9Ahhdmsp2sztoj89XDaSX.ha2Un6NtpUOyr08jLhiCjWa12aQVsFu\')', 0)
 2 SYSTEMPATH\Database\BaseConnection.php(691): CodeIgniter\Database\MySQLi\Connection->execute('INSERT INTO `usuarios` (`nombre`, `apellido`, `email`, `password`) VALUES (\'David\', \'Morales\', \'davidmoralesm2003@gmail.com\', \'$2y$10$9Ahhdmsp2sztoj89XDaSX.ha2Un6NtpUOyr08jLhiCjWa12aQVsFu\')')
 3 SYSTEMPATH\Database\BaseConnection.php(605): CodeIgniter\Database\BaseConnection->simpleQuery('INSERT INTO `usuarios` (`nombre`, `apellido`, `email`, `password`) VALUES (\'David\', \'Morales\', \'davidmoralesm2003@gmail.com\', \'$2y$10$9Ahhdmsp2sztoj89XDaSX.ha2Un6NtpUOyr08jLhiCjWa12aQVsFu\')')
 4 SYSTEMPATH\Database\BaseBuilder.php(2309): CodeIgniter\Database\BaseConnection->query('INSERT INTO `usuarios` (`nombre`, `apellido`, `email`, `password`) VALUES (:nombre:, :apellido:, :email:, :password:)', [...], false)
 5 SYSTEMPATH\Model.php(330): CodeIgniter\Database\BaseBuilder->insert()
 6 SYSTEMPATH\BaseModel.php(782): CodeIgniter\Model->doInsert([...])
 7 SYSTEMPATH\Model.php(730): CodeIgniter\BaseModel->insert([...], true)
 8 APPPATH\Models\Usuarios.php(40): CodeIgniter\Model->insert([...])
 9 APPPATH\Controllers\Register.php(20): App\Models\Usuarios->insertaUsuario()
10 SYSTEMPATH\CodeIgniter.php(934): App\Controllers\Register->doRegister()
11 SYSTEMPATH\CodeIgniter.php(499): CodeIgniter\CodeIgniter->runController(Object(App\Controllers\Register))
12 SYSTEMPATH\CodeIgniter.php(368): CodeIgniter\CodeIgniter->handleRequest(null, Object(Config\Cache), false)
13 FCPATH\index.php(67): CodeIgniter\CodeIgniter->run()
ERROR - 2023-04-24 16:03:41 --> mysqli_sql_exception: Cannot add or update a child row: a foreign key constraint fails (`mejias`.`usuarios`, CONSTRAINT `fk_usuarios_1` FOREIGN KEY (`cod_rol`) REFERENCES `roles` (`cod_rol`) ON DELETE NO ACTION ON UPDATE CASCADE) in C:\Proyectos\mejias\system\Database\MySQLi\Connection.php:295
Stack trace:
#0 C:\Proyectos\mejias\system\Database\MySQLi\Connection.php(295): mysqli->query('INSERT INTO `us...', 0)
#1 C:\Proyectos\mejias\system\Database\BaseConnection.php(691): CodeIgniter\Database\MySQLi\Connection->execute('INSERT INTO `us...')
#2 C:\Proyectos\mejias\system\Database\BaseConnection.php(605): CodeIgniter\Database\BaseConnection->simpleQuery('INSERT INTO `us...')
#3 C:\Proyectos\mejias\system\Database\BaseBuilder.php(2309): CodeIgniter\Database\BaseConnection->query('INSERT INTO `us...', Array, false)
#4 C:\Proyectos\mejias\system\Model.php(330): CodeIgniter\Database\BaseBuilder->insert()
#5 C:\Proyectos\mejias\system\BaseModel.php(782): CodeIgniter\Model->doInsert(Array)
#6 C:\Proyectos\mejias\system\Model.php(730): CodeIgniter\BaseModel->insert(Array, true)
#7 C:\Proyectos\mejias\app\Models\Usuarios.php(40): CodeIgniter\Model->insert(Array)
#8 C:\Proyectos\mejias\app\Controllers\Register.php(20): App\Models\Usuarios->insertaUsuario()
#9 C:\Proyectos\mejias\system\CodeIgniter.php(934): App\Controllers\Register->doRegister()
#10 C:\Proyectos\mejias\system\CodeIgniter.php(499): CodeIgniter\CodeIgniter->runController(Object(App\Controllers\Register))
#11 C:\Proyectos\mejias\system\CodeIgniter.php(368): CodeIgniter\CodeIgniter->handleRequest(NULL, Object(Config\Cache), false)
#12 C:\Proyectos\mejias\public\index.php(67): CodeIgniter\CodeIgniter->run()
#13 {main}
ERROR - 2023-04-24 16:06:09 --> mysqli_sql_exception: Cannot add or update a child row: a foreign key constraint fails (`mejias`.`usuarios`, CONSTRAINT `fk_usuarios_1` FOREIGN KEY (`cod_rol`) REFERENCES `roles` (`cod_rol`) ON DELETE NO ACTION ON UPDATE CASCADE) in C:\Proyectos\mejias\system\Database\MySQLi\Connection.php:295
Stack trace:
#0 C:\Proyectos\mejias\system\Database\MySQLi\Connection.php(295): mysqli->query('INSERT INTO `us...', 0)
#1 C:\Proyectos\mejias\system\Database\BaseConnection.php(691): CodeIgniter\Database\MySQLi\Connection->execute('INSERT INTO `us...')
#2 C:\Proyectos\mejias\system\Database\BaseConnection.php(605): CodeIgniter\Database\BaseConnection->simpleQuery('INSERT INTO `us...')
#3 C:\Proyectos\mejias\system\Database\BaseBuilder.php(2309): CodeIgniter\Database\BaseConnection->query('INSERT INTO `us...', Array, false)
#4 C:\Proyectos\mejias\system\Model.php(330): CodeIgniter\Database\BaseBuilder->insert()
#5 C:\Proyectos\mejias\system\BaseModel.php(782): CodeIgniter\Model->doInsert(Array)
#6 C:\Proyectos\mejias\system\Model.php(730): CodeIgniter\BaseModel->insert(Array, true)
#7 C:\Proyectos\mejias\app\Models\Usuarios.php(40): CodeIgniter\Model->insert(Array)
#8 C:\Proyectos\mejias\app\Controllers\Register.php(20): App\Models\Usuarios->insertaUsuario()
#9 C:\Proyectos\mejias\system\CodeIgniter.php(934): App\Controllers\Register->doRegister()
#10 C:\Proyectos\mejias\system\CodeIgniter.php(499): CodeIgniter\CodeIgniter->runController(Object(App\Controllers\Register))
#11 C:\Proyectos\mejias\system\CodeIgniter.php(368): CodeIgniter\CodeIgniter->handleRequest(NULL, Object(Config\Cache), false)
#12 C:\Proyectos\mejias\public\index.php(67): CodeIgniter\CodeIgniter->run()
#13 {main}
CRITICAL - 2023-04-24 16:06:09 --> Cannot add or update a child row: a foreign key constraint fails (`mejias`.`usuarios`, CONSTRAINT `fk_usuarios_1` FOREIGN KEY (`cod_rol`) REFERENCES `roles` (`cod_rol`) ON DELETE NO ACTION ON UPDATE CASCADE)
in SYSTEMPATH\Database\MySQLi\Connection.php on line 295.
 1 SYSTEMPATH\Database\MySQLi\Connection.php(295): mysqli->query('INSERT INTO `usuarios` (`nombre`, `apellido`, `email`, `password`) VALUES (\'David\', \'Morales\', \'davidmoralesm2003@gmail.com\', \'$2y$10$L522MadmFJUEHNlagk.Le.cLoKcmXSq29GkR4ZQWiAP7MM7MiLlAu\')', 0)
 2 SYSTEMPATH\Database\BaseConnection.php(691): CodeIgniter\Database\MySQLi\Connection->execute('INSERT INTO `usuarios` (`nombre`, `apellido`, `email`, `password`) VALUES (\'David\', \'Morales\', \'davidmoralesm2003@gmail.com\', \'$2y$10$L522MadmFJUEHNlagk.Le.cLoKcmXSq29GkR4ZQWiAP7MM7MiLlAu\')')
 3 SYSTEMPATH\Database\BaseConnection.php(605): CodeIgniter\Database\BaseConnection->simpleQuery('INSERT INTO `usuarios` (`nombre`, `apellido`, `email`, `password`) VALUES (\'David\', \'Morales\', \'davidmoralesm2003@gmail.com\', \'$2y$10$L522MadmFJUEHNlagk.Le.cLoKcmXSq29GkR4ZQWiAP7MM7MiLlAu\')')
 4 SYSTEMPATH\Database\BaseBuilder.php(2309): CodeIgniter\Database\BaseConnection->query('INSERT INTO `usuarios` (`nombre`, `apellido`, `email`, `password`) VALUES (:nombre:, :apellido:, :email:, :password:)', [...], false)
 5 SYSTEMPATH\Model.php(330): CodeIgniter\Database\BaseBuilder->insert()
 6 SYSTEMPATH\BaseModel.php(782): CodeIgniter\Model->doInsert([...])
 7 SYSTEMPATH\Model.php(730): CodeIgniter\BaseModel->insert([...], true)
 8 APPPATH\Models\Usuarios.php(40): CodeIgniter\Model->insert([...])
 9 APPPATH\Controllers\Register.php(20): App\Models\Usuarios->insertaUsuario()
10 SYSTEMPATH\CodeIgniter.php(934): App\Controllers\Register->doRegister()
11 SYSTEMPATH\CodeIgniter.php(499): CodeIgniter\CodeIgniter->runController(Object(App\Controllers\Register))
12 SYSTEMPATH\CodeIgniter.php(368): CodeIgniter\CodeIgniter->handleRequest(null, Object(Config\Cache), false)
13 FCPATH\index.php(67): CodeIgniter\CodeIgniter->run()
ERROR - 2023-04-24 16:12:16 --> mysqli_sql_exception: Cannot add or update a child row: a foreign key constraint fails (`mejias`.`usuarios`, CONSTRAINT `fk_usuarios_1` FOREIGN KEY (`cod_rol`) REFERENCES `roles` (`cod_rol`) ON DELETE NO ACTION ON UPDATE CASCADE) in C:\Proyectos\mejias\system\Database\MySQLi\Connection.php:295
Stack trace:
#0 C:\Proyectos\mejias\system\Database\MySQLi\Connection.php(295): mysqli->query('INSERT INTO `us...', 0)
#1 C:\Proyectos\mejias\system\Database\BaseConnection.php(691): CodeIgniter\Database\MySQLi\Connection->execute('INSERT INTO `us...')
#2 C:\Proyectos\mejias\system\Database\BaseConnection.php(605): CodeIgniter\Database\BaseConnection->simpleQuery('INSERT INTO `us...')
#3 C:\Proyectos\mejias\system\Database\BaseBuilder.php(2309): CodeIgniter\Database\BaseConnection->query('INSERT INTO `us...', Array, false)
#4 C:\Proyectos\mejias\system\Model.php(330): CodeIgniter\Database\BaseBuilder->insert()
#5 C:\Proyectos\mejias\system\BaseModel.php(782): CodeIgniter\Model->doInsert(Array)
#6 C:\Proyectos\mejias\system\Model.php(730): CodeIgniter\BaseModel->insert(Array, true)
#7 C:\Proyectos\mejias\app\Models\Usuarios.php(40): CodeIgniter\Model->insert(Array)
#8 C:\Proyectos\mejias\app\Controllers\Register.php(20): App\Models\Usuarios->insertaUsuario()
#9 C:\Proyectos\mejias\system\CodeIgniter.php(934): App\Controllers\Register->doRegister()
#10 C:\Proyectos\mejias\system\CodeIgniter.php(499): CodeIgniter\CodeIgniter->runController(Object(App\Controllers\Register))
#11 C:\Proyectos\mejias\system\CodeIgniter.php(368): CodeIgniter\CodeIgniter->handleRequest(NULL, Object(Config\Cache), false)
#12 C:\Proyectos\mejias\public\index.php(67): CodeIgniter\CodeIgniter->run()
#13 {main}
ERROR - 2023-04-24 16:12:30 --> mysqli_sql_exception: Cannot add or update a child row: a foreign key constraint fails (`mejias`.`usuarios`, CONSTRAINT `fk_usuarios_1` FOREIGN KEY (`cod_rol`) REFERENCES `roles` (`cod_rol`) ON DELETE NO ACTION ON UPDATE CASCADE) in C:\Proyectos\mejias\system\Database\MySQLi\Connection.php:295
Stack trace:
#0 C:\Proyectos\mejias\system\Database\MySQLi\Connection.php(295): mysqli->query('INSERT INTO `us...', 0)
#1 C:\Proyectos\mejias\system\Database\BaseConnection.php(691): CodeIgniter\Database\MySQLi\Connection->execute('INSERT INTO `us...')
#2 C:\Proyectos\mejias\system\Database\BaseConnection.php(605): CodeIgniter\Database\BaseConnection->simpleQuery('INSERT INTO `us...')
#3 C:\Proyectos\mejias\system\Database\BaseBuilder.php(2309): CodeIgniter\Database\BaseConnection->query('INSERT INTO `us...', Array, false)
#4 C:\Proyectos\mejias\system\Model.php(330): CodeIgniter\Database\BaseBuilder->insert()
#5 C:\Proyectos\mejias\system\BaseModel.php(782): CodeIgniter\Model->doInsert(Array)
#6 C:\Proyectos\mejias\system\Model.php(730): CodeIgniter\BaseModel->insert(Array, true)
#7 C:\Proyectos\mejias\app\Models\Usuarios.php(40): CodeIgniter\Model->insert(Array)
#8 C:\Proyectos\mejias\app\Controllers\Register.php(20): App\Models\Usuarios->insertaUsuario()
#9 C:\Proyectos\mejias\system\CodeIgniter.php(934): App\Controllers\Register->doRegister()
#10 C:\Proyectos\mejias\system\CodeIgniter.php(499): CodeIgniter\CodeIgniter->runController(Object(App\Controllers\Register))
#11 C:\Proyectos\mejias\system\CodeIgniter.php(368): CodeIgniter\CodeIgniter->handleRequest(NULL, Object(Config\Cache), false)
#12 C:\Proyectos\mejias\public\index.php(67): CodeIgniter\CodeIgniter->run()
#13 {main}
CRITICAL - 2023-04-24 16:12:31 --> Cannot add or update a child row: a foreign key constraint fails (`mejias`.`usuarios`, CONSTRAINT `fk_usuarios_1` FOREIGN KEY (`cod_rol`) REFERENCES `roles` (`cod_rol`) ON DELETE NO ACTION ON UPDATE CASCADE)
in SYSTEMPATH\Database\MySQLi\Connection.php on line 295.
 1 SYSTEMPATH\Database\MySQLi\Connection.php(295): mysqli->query('INSERT INTO `usuarios` (`nombre`, `apellido`, `email`, `password`) VALUES (\'David\', \'Morales\', \'davidmoralesm2003@gmail.com\', \'$2y$10$Q3wBf9lC49HMNM28g/eRge7mnajJROnuSgO7n03J.NnBAZfF4c7OK\')', 0)
 2 SYSTEMPATH\Database\BaseConnection.php(691): CodeIgniter\Database\MySQLi\Connection->execute('INSERT INTO `usuarios` (`nombre`, `apellido`, `email`, `password`) VALUES (\'David\', \'Morales\', \'davidmoralesm2003@gmail.com\', \'$2y$10$Q3wBf9lC49HMNM28g/eRge7mnajJROnuSgO7n03J.NnBAZfF4c7OK\')')
 3 SYSTEMPATH\Database\BaseConnection.php(605): CodeIgniter\Database\BaseConnection->simpleQuery('INSERT INTO `usuarios` (`nombre`, `apellido`, `email`, `password`) VALUES (\'David\', \'Morales\', \'davidmoralesm2003@gmail.com\', \'$2y$10$Q3wBf9lC49HMNM28g/eRge7mnajJROnuSgO7n03J.NnBAZfF4c7OK\')')
 4 SYSTEMPATH\Database\BaseBuilder.php(2309): CodeIgniter\Database\BaseConnection->query('INSERT INTO `usuarios` (`nombre`, `apellido`, `email`, `password`) VALUES (:nombre:, :apellido:, :email:, :password:)', [...], false)
 5 SYSTEMPATH\Model.php(330): CodeIgniter\Database\BaseBuilder->insert()
 6 SYSTEMPATH\BaseModel.php(782): CodeIgniter\Model->doInsert([...])
 7 SYSTEMPATH\Model.php(730): CodeIgniter\BaseModel->insert([...], true)
 8 APPPATH\Models\Usuarios.php(40): CodeIgniter\Model->insert([...])
 9 APPPATH\Controllers\Register.php(20): App\Models\Usuarios->insertaUsuario()
10 SYSTEMPATH\CodeIgniter.php(934): App\Controllers\Register->doRegister()
11 SYSTEMPATH\CodeIgniter.php(499): CodeIgniter\CodeIgniter->runController(Object(App\Controllers\Register))
12 SYSTEMPATH\CodeIgniter.php(368): CodeIgniter\CodeIgniter->handleRequest(null, Object(Config\Cache), false)
13 FCPATH\index.php(67): CodeIgniter\CodeIgniter->run()
ERROR - 2023-04-24 16:12:54 --> mysqli_sql_exception: Cannot add or update a child row: a foreign key constraint fails (`mejias`.`usuarios`, CONSTRAINT `fk_usuarios_1` FOREIGN KEY (`cod_rol`) REFERENCES `roles` (`cod_rol`) ON DELETE NO ACTION ON UPDATE CASCADE) in C:\Proyectos\mejias\system\Database\MySQLi\Connection.php:295
Stack trace:
#0 C:\Proyectos\mejias\system\Database\MySQLi\Connection.php(295): mysqli->query('INSERT INTO `us...', 0)
#1 C:\Proyectos\mejias\system\Database\BaseConnection.php(691): CodeIgniter\Database\MySQLi\Connection->execute('INSERT INTO `us...')
#2 C:\Proyectos\mejias\system\Database\BaseConnection.php(605): CodeIgniter\Database\BaseConnection->simpleQuery('INSERT INTO `us...')
#3 C:\Proyectos\mejias\system\Database\BaseBuilder.php(2309): CodeIgniter\Database\BaseConnection->query('INSERT INTO `us...', Array, false)
#4 C:\Proyectos\mejias\system\Model.php(330): CodeIgniter\Database\BaseBuilder->insert()
#5 C:\Proyectos\mejias\system\BaseModel.php(782): CodeIgniter\Model->doInsert(Array)
#6 C:\Proyectos\mejias\system\Model.php(730): CodeIgniter\BaseModel->insert(Array, true)
#7 C:\Proyectos\mejias\app\Models\Usuarios.php(40): CodeIgniter\Model->insert(Array)
#8 C:\Proyectos\mejias\app\Controllers\Register.php(20): App\Models\Usuarios->insertaUsuario()
#9 C:\Proyectos\mejias\system\CodeIgniter.php(934): App\Controllers\Register->doRegister()
#10 C:\Proyectos\mejias\system\CodeIgniter.php(499): CodeIgniter\CodeIgniter->runController(Object(App\Controllers\Register))
#11 C:\Proyectos\mejias\system\CodeIgniter.php(368): CodeIgniter\CodeIgniter->handleRequest(NULL, Object(Config\Cache), false)
#12 C:\Proyectos\mejias\public\index.php(67): CodeIgniter\CodeIgniter->run()
#13 {main}
CRITICAL - 2023-04-24 16:12:54 --> Cannot add or update a child row: a foreign key constraint fails (`mejias`.`usuarios`, CONSTRAINT `fk_usuarios_1` FOREIGN KEY (`cod_rol`) REFERENCES `roles` (`cod_rol`) ON DELETE NO ACTION ON UPDATE CASCADE)
in SYSTEMPATH\Database\MySQLi\Connection.php on line 295.
 1 SYSTEMPATH\Database\MySQLi\Connection.php(295): mysqli->query('INSERT INTO `usuarios` (`nombre`, `apellido`, `email`, `password`) VALUES (\'David\', \'Morales\', \'davidmoralesm2003@gmail.com\', \'$2y$10$OlyDWJK9w/xBod/3FWn1e.pDCLFO.Uzh3C5Q2kIdELDNduM2iXF36\')', 0)
 2 SYSTEMPATH\Database\BaseConnection.php(691): CodeIgniter\Database\MySQLi\Connection->execute('INSERT INTO `usuarios` (`nombre`, `apellido`, `email`, `password`) VALUES (\'David\', \'Morales\', \'davidmoralesm2003@gmail.com\', \'$2y$10$OlyDWJK9w/xBod/3FWn1e.pDCLFO.Uzh3C5Q2kIdELDNduM2iXF36\')')
 3 SYSTEMPATH\Database\BaseConnection.php(605): CodeIgniter\Database\BaseConnection->simpleQuery('INSERT INTO `usuarios` (`nombre`, `apellido`, `email`, `password`) VALUES (\'David\', \'Morales\', \'davidmoralesm2003@gmail.com\', \'$2y$10$OlyDWJK9w/xBod/3FWn1e.pDCLFO.Uzh3C5Q2kIdELDNduM2iXF36\')')
 4 SYSTEMPATH\Database\BaseBuilder.php(2309): CodeIgniter\Database\BaseConnection->query('INSERT INTO `usuarios` (`nombre`, `apellido`, `email`, `password`) VALUES (:nombre:, :apellido:, :email:, :password:)', [...], false)
 5 SYSTEMPATH\Model.php(330): CodeIgniter\Database\BaseBuilder->insert()
 6 SYSTEMPATH\BaseModel.php(782): CodeIgniter\Model->doInsert([...])
 7 SYSTEMPATH\Model.php(730): CodeIgniter\BaseModel->insert([...], true)
 8 APPPATH\Models\Usuarios.php(40): CodeIgniter\Model->insert([...])
 9 APPPATH\Controllers\Register.php(20): App\Models\Usuarios->insertaUsuario()
10 SYSTEMPATH\CodeIgniter.php(934): App\Controllers\Register->doRegister()
11 SYSTEMPATH\CodeIgniter.php(499): CodeIgniter\CodeIgniter->runController(Object(App\Controllers\Register))
12 SYSTEMPATH\CodeIgniter.php(368): CodeIgniter\CodeIgniter->handleRequest(null, Object(Config\Cache), false)
13 FCPATH\index.php(67): CodeIgniter\CodeIgniter->run()
CRITICAL - 2023-04-24 16:21:56 --> There is no data to insert.
in SYSTEMPATH\BaseModel.php on line 762.
 1 SYSTEMPATH\BaseModel.php(762): CodeIgniter\Database\Exceptions\DataException::forEmptyDataset('insert')
 2 SYSTEMPATH\Model.php(730): CodeIgniter\BaseModel->insert([], true)
 3 APPPATH\Models\Usuarios.php(40): CodeIgniter\Model->insert([...])
 4 APPPATH\Controllers\Register.php(20): App\Models\Usuarios->insertaUsuario()
 5 SYSTEMPATH\CodeIgniter.php(934): App\Controllers\Register->doRegister()
 6 SYSTEMPATH\CodeIgniter.php(499): CodeIgniter\CodeIgniter->runController(Object(App\Controllers\Register))
 7 SYSTEMPATH\CodeIgniter.php(368): CodeIgniter\CodeIgniter->handleRequest(null, Object(Config\Cache), false)
 8 FCPATH\index.php(67): CodeIgniter\CodeIgniter->run()
ERROR - 2023-04-24 16:22:32 --> mysqli_sql_exception: Cannot add or update a child row: a foreign key constraint fails (`mejias`.`usuarios`, CONSTRAINT `fk_usuarios_1` FOREIGN KEY (`cod_rol`) REFERENCES `roles` (`cod_rol`) ON DELETE NO ACTION ON UPDATE CASCADE) in C:\Proyectos\mejias\system\Database\MySQLi\Connection.php:295
Stack trace:
#0 C:\Proyectos\mejias\system\Database\MySQLi\Connection.php(295): mysqli->query('INSERT INTO `us...', 0)
#1 C:\Proyectos\mejias\system\Database\BaseConnection.php(691): CodeIgniter\Database\MySQLi\Connection->execute('INSERT INTO `us...')
#2 C:\Proyectos\mejias\system\Database\BaseConnection.php(605): CodeIgniter\Database\BaseConnection->simpleQuery('INSERT INTO `us...')
#3 C:\Proyectos\mejias\system\Database\BaseBuilder.php(2309): CodeIgniter\Database\BaseConnection->query('INSERT INTO `us...', Array, false)
#4 C:\Proyectos\mejias\system\Model.php(330): CodeIgniter\Database\BaseBuilder->insert()
#5 C:\Proyectos\mejias\system\BaseModel.php(782): CodeIgniter\Model->doInsert(Array)
#6 C:\Proyectos\mejias\system\Model.php(730): CodeIgniter\BaseModel->insert(Array, true)
#7 C:\Proyectos\mejias\app\Models\Usuarios.php(40): CodeIgniter\Model->insert(Array)
#8 C:\Proyectos\mejias\app\Controllers\Register.php(20): App\Models\Usuarios->insertaUsuario()
#9 C:\Proyectos\mejias\system\CodeIgniter.php(934): App\Controllers\Register->doRegister()
#10 C:\Proyectos\mejias\system\CodeIgniter.php(499): CodeIgniter\CodeIgniter->runController(Object(App\Controllers\Register))
#11 C:\Proyectos\mejias\system\CodeIgniter.php(368): CodeIgniter\CodeIgniter->handleRequest(NULL, Object(Config\Cache), false)
#12 C:\Proyectos\mejias\public\index.php(67): CodeIgniter\CodeIgniter->run()
#13 {main}
CRITICAL - 2023-04-24 16:22:32 --> Cannot add or update a child row: a foreign key constraint fails (`mejias`.`usuarios`, CONSTRAINT `fk_usuarios_1` FOREIGN KEY (`cod_rol`) REFERENCES `roles` (`cod_rol`) ON DELETE NO ACTION ON UPDATE CASCADE)
in SYSTEMPATH\Database\MySQLi\Connection.php on line 295.
 1 SYSTEMPATH\Database\MySQLi\Connection.php(295): mysqli->query('INSERT INTO `usuarios` (`email`, `password`) VALUES (\'davidmoralesm2003@gmail.com\', \'$2y$10$vRUftIGQ77kBMR5w3LtJB.leu2FO.ZuooHpixYqrKBZx1r/zL9PIm\')', 0)
 2 SYSTEMPATH\Database\BaseConnection.php(691): CodeIgniter\Database\MySQLi\Connection->execute('INSERT INTO `usuarios` (`email`, `password`) VALUES (\'davidmoralesm2003@gmail.com\', \'$2y$10$vRUftIGQ77kBMR5w3LtJB.leu2FO.ZuooHpixYqrKBZx1r/zL9PIm\')')
 3 SYSTEMPATH\Database\BaseConnection.php(605): CodeIgniter\Database\BaseConnection->simpleQuery('INSERT INTO `usuarios` (`email`, `password`) VALUES (\'davidmoralesm2003@gmail.com\', \'$2y$10$vRUftIGQ77kBMR5w3LtJB.leu2FO.ZuooHpixYqrKBZx1r/zL9PIm\')')
 4 SYSTEMPATH\Database\BaseBuilder.php(2309): CodeIgniter\Database\BaseConnection->query('INSERT INTO `usuarios` (`email`, `password`) VALUES (:email:, :password:)', [...], false)
 5 SYSTEMPATH\Model.php(330): CodeIgniter\Database\BaseBuilder->insert()
 6 SYSTEMPATH\BaseModel.php(782): CodeIgniter\Model->doInsert([...])
 7 SYSTEMPATH\Model.php(730): CodeIgniter\BaseModel->insert([...], true)
 8 APPPATH\Models\Usuarios.php(40): CodeIgniter\Model->insert([...])
 9 APPPATH\Controllers\Register.php(20): App\Models\Usuarios->insertaUsuario()
10 SYSTEMPATH\CodeIgniter.php(934): App\Controllers\Register->doRegister()
11 SYSTEMPATH\CodeIgniter.php(499): CodeIgniter\CodeIgniter->runController(Object(App\Controllers\Register))
12 SYSTEMPATH\CodeIgniter.php(368): CodeIgniter\CodeIgniter->handleRequest(null, Object(Config\Cache), false)
13 FCPATH\index.php(67): CodeIgniter\CodeIgniter->run()
CRITICAL - 2023-04-24 16:53:02 --> Too few arguments to function App\Models\Usuarios::insertaUsuario(), 0 passed in C:\Proyectos\mejias\app\Controllers\Register.php on line 20 and exactly 1 expected
in APPPATH\Models\Usuarios.php on line 33.
 1 APPPATH\Controllers\Register.php(20): App\Models\Usuarios->insertaUsuario()
 2 SYSTEMPATH\CodeIgniter.php(934): App\Controllers\Register->doRegister()
 3 SYSTEMPATH\CodeIgniter.php(499): CodeIgniter\CodeIgniter->runController(Object(App\Controllers\Register))
 4 SYSTEMPATH\CodeIgniter.php(368): CodeIgniter\CodeIgniter->handleRequest(null, Object(Config\Cache), false)
 5 FCPATH\index.php(67): CodeIgniter\CodeIgniter->run()
ERROR - 2023-04-24 16:53:38 --> mysqli_sql_exception: Cannot add or update a child row: a foreign key constraint fails (`mejias`.`usuarios`, CONSTRAINT `fk_usuarios_1` FOREIGN KEY (`cod_rol`) REFERENCES `roles` (`cod_rol`) ON DELETE NO ACTION ON UPDATE CASCADE) in C:\Proyectos\mejias\system\Database\MySQLi\Connection.php:295
Stack trace:
#0 C:\Proyectos\mejias\system\Database\MySQLi\Connection.php(295): mysqli->query('INSERT INTO `us...', 0)
#1 C:\Proyectos\mejias\system\Database\BaseConnection.php(691): CodeIgniter\Database\MySQLi\Connection->execute('INSERT INTO `us...')
#2 C:\Proyectos\mejias\system\Database\BaseConnection.php(605): CodeIgniter\Database\BaseConnection->simpleQuery('INSERT INTO `us...')
#3 C:\Proyectos\mejias\system\Database\BaseBuilder.php(2309): CodeIgniter\Database\BaseConnection->query('INSERT INTO `us...', Array, false)
#4 C:\Proyectos\mejias\system\Model.php(330): CodeIgniter\Database\BaseBuilder->insert()
#5 C:\Proyectos\mejias\system\BaseModel.php(782): CodeIgniter\Model->doInsert(Array)
#6 C:\Proyectos\mejias\system\Model.php(730): CodeIgniter\BaseModel->insert(Array, true)
#7 C:\Proyectos\mejias\app\Models\Usuarios.php(39): CodeIgniter\Model->insert(Array)
#8 C:\Proyectos\mejias\app\Controllers\Register.php(20): App\Models\Usuarios->insertaUsuario()
#9 C:\Proyectos\mejias\system\CodeIgniter.php(934): App\Controllers\Register->doRegister()
#10 C:\Proyectos\mejias\system\CodeIgniter.php(499): CodeIgniter\CodeIgniter->runController(Object(App\Controllers\Register))
#11 C:\Proyectos\mejias\system\CodeIgniter.php(368): CodeIgniter\CodeIgniter->handleRequest(NULL, Object(Config\Cache), false)
#12 C:\Proyectos\mejias\public\index.php(67): CodeIgniter\CodeIgniter->run()
#13 {main}
CRITICAL - 2023-04-24 16:53:40 --> Cannot add or update a child row: a foreign key constraint fails (`mejias`.`usuarios`, CONSTRAINT `fk_usuarios_1` FOREIGN KEY (`cod_rol`) REFERENCES `roles` (`cod_rol`) ON DELETE NO ACTION ON UPDATE CASCADE)
in SYSTEMPATH\Database\MySQLi\Connection.php on line 295.
 1 SYSTEMPATH\Database\MySQLi\Connection.php(295): mysqli->query('INSERT INTO `usuarios` (`nombre`, `apellido`, `email`, `password`) VALUES (\'David\', \'Morales\', \'davidmoralesm2003@gmail.com\', \'$2y$10$CW0jNXFeLH.b5gekOC39I.zWDgLEsKTni6yPM/uQUe0N9jEa2h5Rm\')', 0)
 2 SYSTEMPATH\Database\BaseConnection.php(691): CodeIgniter\Database\MySQLi\Connection->execute('INSERT INTO `usuarios` (`nombre`, `apellido`, `email`, `password`) VALUES (\'David\', \'Morales\', \'davidmoralesm2003@gmail.com\', \'$2y$10$CW0jNXFeLH.b5gekOC39I.zWDgLEsKTni6yPM/uQUe0N9jEa2h5Rm\')')
 3 SYSTEMPATH\Database\BaseConnection.php(605): CodeIgniter\Database\BaseConnection->simpleQuery('INSERT INTO `usuarios` (`nombre`, `apellido`, `email`, `password`) VALUES (\'David\', \'Morales\', \'davidmoralesm2003@gmail.com\', \'$2y$10$CW0jNXFeLH.b5gekOC39I.zWDgLEsKTni6yPM/uQUe0N9jEa2h5Rm\')')
 4 SYSTEMPATH\Database\BaseBuilder.php(2309): CodeIgniter\Database\BaseConnection->query('INSERT INTO `usuarios` (`nombre`, `apellido`, `email`, `password`) VALUES (:nombre:, :apellido:, :email:, :password:)', [...], false)
 5 SYSTEMPATH\Model.php(330): CodeIgniter\Database\BaseBuilder->insert()
 6 SYSTEMPATH\BaseModel.php(782): CodeIgniter\Model->doInsert([...])
 7 SYSTEMPATH\Model.php(730): CodeIgniter\BaseModel->insert([...], true)
 8 APPPATH\Models\Usuarios.php(39): CodeIgniter\Model->insert([...])
 9 APPPATH\Controllers\Register.php(20): App\Models\Usuarios->insertaUsuario()
10 SYSTEMPATH\CodeIgniter.php(934): App\Controllers\Register->doRegister()
11 SYSTEMPATH\CodeIgniter.php(499): CodeIgniter\CodeIgniter->runController(Object(App\Controllers\Register))
12 SYSTEMPATH\CodeIgniter.php(368): CodeIgniter\CodeIgniter->handleRequest(null, Object(Config\Cache), false)
13 FCPATH\index.php(67): CodeIgniter\CodeIgniter->run()
ERROR - 2023-04-24 16:58:44 --> mysqli_sql_exception: Cannot add or update a child row: a foreign key constraint fails (`mejias`.`usuarios`, CONSTRAINT `fk_usuarios_1` FOREIGN KEY (`cod_rol`) REFERENCES `roles` (`cod_rol`) ON DELETE NO ACTION ON UPDATE CASCADE) in C:\Proyectos\mejias\system\Database\MySQLi\Connection.php:295
Stack trace:
#0 C:\Proyectos\mejias\system\Database\MySQLi\Connection.php(295): mysqli->query('INSERT INTO `us...', 0)
#1 C:\Proyectos\mejias\system\Database\BaseConnection.php(691): CodeIgniter\Database\MySQLi\Connection->execute('INSERT INTO `us...')
#2 C:\Proyectos\mejias\system\Database\BaseConnection.php(605): CodeIgniter\Database\BaseConnection->simpleQuery('INSERT INTO `us...')
#3 C:\Proyectos\mejias\system\Database\BaseBuilder.php(2309): CodeIgniter\Database\BaseConnection->query('INSERT INTO `us...', Array, false)
#4 C:\Proyectos\mejias\system\Model.php(330): CodeIgniter\Database\BaseBuilder->insert()
#5 C:\Proyectos\mejias\system\BaseModel.php(782): CodeIgniter\Model->doInsert(Array)
#6 C:\Proyectos\mejias\system\Model.php(730): CodeIgniter\BaseModel->insert(Array, true)
#7 C:\Proyectos\mejias\app\Models\Usuarios.php(39): CodeIgniter\Model->insert(Array)
#8 C:\Proyectos\mejias\app\Controllers\Register.php(20): App\Models\Usuarios->insertaUsuario()
#9 C:\Proyectos\mejias\system\CodeIgniter.php(934): App\Controllers\Register->doRegister()
#10 C:\Proyectos\mejias\system\CodeIgniter.php(499): CodeIgniter\CodeIgniter->runController(Object(App\Controllers\Register))
#11 C:\Proyectos\mejias\system\CodeIgniter.php(368): CodeIgniter\CodeIgniter->handleRequest(NULL, Object(Config\Cache), false)
#12 C:\Proyectos\mejias\public\index.php(67): CodeIgniter\CodeIgniter->run()
#13 {main}
CRITICAL - 2023-04-24 16:58:50 --> Cannot add or update a child row: a foreign key constraint fails (`mejias`.`usuarios`, CONSTRAINT `fk_usuarios_1` FOREIGN KEY (`cod_rol`) REFERENCES `roles` (`cod_rol`) ON DELETE NO ACTION ON UPDATE CASCADE)
in SYSTEMPATH\Database\MySQLi\Connection.php on line 295.
 1 SYSTEMPATH\Database\MySQLi\Connection.php(295): mysqli->query('INSERT INTO `usuarios` (`nombre`, `apellido`, `email`, `password`) VALUES (\'David\', \'Morales\', \'davidmoralesm2003@gmail.com\', \'$2y$10$F3fXHWseNyAkflKPmRT7Xea06jY2qpxclXIdQFRocIz5CBRU2Kf5m\')', 0)
 2 SYSTEMPATH\Database\BaseConnection.php(691): CodeIgniter\Database\MySQLi\Connection->execute('INSERT INTO `usuarios` (`nombre`, `apellido`, `email`, `password`) VALUES (\'David\', \'Morales\', \'davidmoralesm2003@gmail.com\', \'$2y$10$F3fXHWseNyAkflKPmRT7Xea06jY2qpxclXIdQFRocIz5CBRU2Kf5m\')')
 3 SYSTEMPATH\Database\BaseConnection.php(605): CodeIgniter\Database\BaseConnection->simpleQuery('INSERT INTO `usuarios` (`nombre`, `apellido`, `email`, `password`) VALUES (\'David\', \'Morales\', \'davidmoralesm2003@gmail.com\', \'$2y$10$F3fXHWseNyAkflKPmRT7Xea06jY2qpxclXIdQFRocIz5CBRU2Kf5m\')')
 4 SYSTEMPATH\Database\BaseBuilder.php(2309): CodeIgniter\Database\BaseConnection->query('INSERT INTO `usuarios` (`nombre`, `apellido`, `email`, `password`) VALUES (:nombre:, :apellido:, :email:, :password:)', [...], false)
 5 SYSTEMPATH\Model.php(330): CodeIgniter\Database\BaseBuilder->insert()
 6 SYSTEMPATH\BaseModel.php(782): CodeIgniter\Model->doInsert([...])
 7 SYSTEMPATH\Model.php(730): CodeIgniter\BaseModel->insert([...], true)
 8 APPPATH\Models\Usuarios.php(39): CodeIgniter\Model->insert([...])
 9 APPPATH\Controllers\Register.php(20): App\Models\Usuarios->insertaUsuario()
10 SYSTEMPATH\CodeIgniter.php(934): App\Controllers\Register->doRegister()
11 SYSTEMPATH\CodeIgniter.php(499): CodeIgniter\CodeIgniter->runController(Object(App\Controllers\Register))
12 SYSTEMPATH\CodeIgniter.php(368): CodeIgniter\CodeIgniter->handleRequest(null, Object(Config\Cache), false)
13 FCPATH\index.php(67): CodeIgniter\CodeIgniter->run()
ERROR - 2023-04-24 17:12:14 --> mysqli_sql_exception: Cannot add or update a child row: a foreign key constraint fails (`mejias`.`usuarios`, CONSTRAINT `fk_usuarios_1` FOREIGN KEY (`cod_rol`) REFERENCES `roles` (`cod_rol`) ON DELETE NO ACTION ON UPDATE CASCADE) in C:\Proyectos\mejias\system\Database\MySQLi\Connection.php:295
Stack trace:
#0 C:\Proyectos\mejias\system\Database\MySQLi\Connection.php(295): mysqli->query('INSERT INTO `us...', 0)
#1 C:\Proyectos\mejias\system\Database\BaseConnection.php(691): CodeIgniter\Database\MySQLi\Connection->execute('INSERT INTO `us...')
#2 C:\Proyectos\mejias\system\Database\BaseConnection.php(605): CodeIgniter\Database\BaseConnection->simpleQuery('INSERT INTO `us...')
#3 C:\Proyectos\mejias\system\Database\BaseBuilder.php(2309): CodeIgniter\Database\BaseConnection->query('INSERT INTO `us...', Array, false)
#4 C:\Proyectos\mejias\system\Model.php(330): CodeIgniter\Database\BaseBuilder->insert()
#5 C:\Proyectos\mejias\system\BaseModel.php(782): CodeIgniter\Model->doInsert(Array)
#6 C:\Proyectos\mejias\system\Model.php(730): CodeIgniter\BaseModel->insert(Array, true)
#7 C:\Proyectos\mejias\app\Models\Usuarios.php(38): CodeIgniter\Model->insert(Array)
#8 C:\Proyectos\mejias\app\Controllers\Register.php(29): App\Models\Usuarios->insertaUsuario(Array)
#9 C:\Proyectos\mejias\system\CodeIgniter.php(934): App\Controllers\Register->doRegister()
#10 C:\Proyectos\mejias\system\CodeIgniter.php(499): CodeIgniter\CodeIgniter->runController(Object(App\Controllers\Register))
#11 C:\Proyectos\mejias\system\CodeIgniter.php(368): CodeIgniter\CodeIgniter->handleRequest(NULL, Object(Config\Cache), false)
#12 C:\Proyectos\mejias\public\index.php(67): CodeIgniter\CodeIgniter->run()
#13 {main}
CRITICAL - 2023-04-24 17:12:17 --> Cannot add or update a child row: a foreign key constraint fails (`mejias`.`usuarios`, CONSTRAINT `fk_usuarios_1` FOREIGN KEY (`cod_rol`) REFERENCES `roles` (`cod_rol`) ON DELETE NO ACTION ON UPDATE CASCADE)
in SYSTEMPATH\Database\MySQLi\Connection.php on line 295.
 1 SYSTEMPATH\Database\MySQLi\Connection.php(295): mysqli->query('INSERT INTO `usuarios` (`nombre`, `apellido`, `email`, `password`) VALUES (\'David\', \'Morales\', \'davidmoralesm2003@gmail.com\', \'$2y$10$0O3FJ9d7fa.T0IiGpRYvFu3H5ZaFCKb8B42LZLENymqN3WQqo85jW\')', 0)
 2 SYSTEMPATH\Database\BaseConnection.php(691): CodeIgniter\Database\MySQLi\Connection->execute('INSERT INTO `usuarios` (`nombre`, `apellido`, `email`, `password`) VALUES (\'David\', \'Morales\', \'davidmoralesm2003@gmail.com\', \'$2y$10$0O3FJ9d7fa.T0IiGpRYvFu3H5ZaFCKb8B42LZLENymqN3WQqo85jW\')')
 3 SYSTEMPATH\Database\BaseConnection.php(605): CodeIgniter\Database\BaseConnection->simpleQuery('INSERT INTO `usuarios` (`nombre`, `apellido`, `email`, `password`) VALUES (\'David\', \'Morales\', \'davidmoralesm2003@gmail.com\', \'$2y$10$0O3FJ9d7fa.T0IiGpRYvFu3H5ZaFCKb8B42LZLENymqN3WQqo85jW\')')
 4 SYSTEMPATH\Database\BaseBuilder.php(2309): CodeIgniter\Database\BaseConnection->query('INSERT INTO `usuarios` (`nombre`, `apellido`, `email`, `password`) VALUES (:nombre:, :apellido:, :email:, :password:)', [...], false)
 5 SYSTEMPATH\Model.php(330): CodeIgniter\Database\BaseBuilder->insert()
 6 SYSTEMPATH\BaseModel.php(782): CodeIgniter\Model->doInsert([...])
 7 SYSTEMPATH\Model.php(730): CodeIgniter\BaseModel->insert([...], true)
 8 APPPATH\Models\Usuarios.php(38): CodeIgniter\Model->insert([...])
 9 APPPATH\Controllers\Register.php(29): App\Models\Usuarios->insertaUsuario([...])
10 SYSTEMPATH\CodeIgniter.php(934): App\Controllers\Register->doRegister()
11 SYSTEMPATH\CodeIgniter.php(499): CodeIgniter\CodeIgniter->runController(Object(App\Controllers\Register))
12 SYSTEMPATH\CodeIgniter.php(368): CodeIgniter\CodeIgniter->handleRequest(null, Object(Config\Cache), false)
13 FCPATH\index.php(67): CodeIgniter\CodeIgniter->run()
ERROR - 2023-04-24 17:21:29 --> mysqli_sql_exception: Cannot add or update a child row: a foreign key constraint fails (`mejias`.`usuarios`, CONSTRAINT `fk_usuarios_1` FOREIGN KEY (`cod_rol`) REFERENCES `roles` (`cod_rol`) ON DELETE NO ACTION ON UPDATE CASCADE) in C:\Proyectos\mejias\system\Database\MySQLi\Connection.php:295
Stack trace:
#0 C:\Proyectos\mejias\system\Database\MySQLi\Connection.php(295): mysqli->query('INSERT INTO `us...', 0)
#1 C:\Proyectos\mejias\system\Database\BaseConnection.php(691): CodeIgniter\Database\MySQLi\Connection->execute('INSERT INTO `us...')
#2 C:\Proyectos\mejias\system\Database\BaseConnection.php(605): CodeIgniter\Database\BaseConnection->simpleQuery('INSERT INTO `us...')
#3 C:\Proyectos\mejias\system\Database\BaseBuilder.php(2309): CodeIgniter\Database\BaseConnection->query('INSERT INTO `us...', Array, false)
#4 C:\Proyectos\mejias\system\Model.php(330): CodeIgniter\Database\BaseBuilder->insert()
#5 C:\Proyectos\mejias\system\BaseModel.php(782): CodeIgniter\Model->doInsert(Array)
#6 C:\Proyectos\mejias\system\Model.php(730): CodeIgniter\BaseModel->insert(Array, true)
#7 C:\Proyectos\mejias\app\Models\Usuarios.php(38): CodeIgniter\Model->insert(Array)
#8 C:\Proyectos\mejias\app\Controllers\Register.php(29): App\Models\Usuarios->insertaUsuario(Array)
#9 C:\Proyectos\mejias\system\CodeIgniter.php(934): App\Controllers\Register->doRegister()
#10 C:\Proyectos\mejias\system\CodeIgniter.php(499): CodeIgniter\CodeIgniter->runController(Object(App\Controllers\Register))
#11 C:\Proyectos\mejias\system\CodeIgniter.php(368): CodeIgniter\CodeIgniter->handleRequest(NULL, Object(Config\Cache), false)
#12 C:\Proyectos\mejias\public\index.php(67): CodeIgniter\CodeIgniter->run()
#13 {main}
CRITICAL - 2023-04-24 17:21:32 --> Cannot add or update a child row: a foreign key constraint fails (`mejias`.`usuarios`, CONSTRAINT `fk_usuarios_1` FOREIGN KEY (`cod_rol`) REFERENCES `roles` (`cod_rol`) ON DELETE NO ACTION ON UPDATE CASCADE)
in SYSTEMPATH\Database\MySQLi\Connection.php on line 295.
 1 SYSTEMPATH\Database\MySQLi\Connection.php(295): mysqli->query('INSERT INTO `usuarios` (`nombre`, `apellido`, `email`, `password`) VALUES (\'David\', \'Morales\', \'davidmoralesm2003@gmail.com\', \'$2y$10$3ZrXRcQANSGvOpVWrmvtk..iYeNkVLjWWXyZMpBq4GbnMO/Z90dTS\')', 0)
 2 SYSTEMPATH\Database\BaseConnection.php(691): CodeIgniter\Database\MySQLi\Connection->execute('INSERT INTO `usuarios` (`nombre`, `apellido`, `email`, `password`) VALUES (\'David\', \'Morales\', \'davidmoralesm2003@gmail.com\', \'$2y$10$3ZrXRcQANSGvOpVWrmvtk..iYeNkVLjWWXyZMpBq4GbnMO/Z90dTS\')')
 3 SYSTEMPATH\Database\BaseConnection.php(605): CodeIgniter\Database\BaseConnection->simpleQuery('INSERT INTO `usuarios` (`nombre`, `apellido`, `email`, `password`) VALUES (\'David\', \'Morales\', \'davidmoralesm2003@gmail.com\', \'$2y$10$3ZrXRcQANSGvOpVWrmvtk..iYeNkVLjWWXyZMpBq4GbnMO/Z90dTS\')')
 4 SYSTEMPATH\Database\BaseBuilder.php(2309): CodeIgniter\Database\BaseConnection->query('INSERT INTO `usuarios` (`nombre`, `apellido`, `email`, `password`) VALUES (:nombre:, :apellido:, :email:, :password:)', [...], false)
 5 SYSTEMPATH\Model.php(330): CodeIgniter\Database\BaseBuilder->insert()
 6 SYSTEMPATH\BaseModel.php(782): CodeIgniter\Model->doInsert([...])
 7 SYSTEMPATH\Model.php(730): CodeIgniter\BaseModel->insert([...], true)
 8 APPPATH\Models\Usuarios.php(38): CodeIgniter\Model->insert([...])
 9 APPPATH\Controllers\Register.php(29): App\Models\Usuarios->insertaUsuario([...])
10 SYSTEMPATH\CodeIgniter.php(934): App\Controllers\Register->doRegister()
11 SYSTEMPATH\CodeIgniter.php(499): CodeIgniter\CodeIgniter->runController(Object(App\Controllers\Register))
12 SYSTEMPATH\CodeIgniter.php(368): CodeIgniter\CodeIgniter->handleRequest(null, Object(Config\Cache), false)
13 FCPATH\index.php(67): CodeIgniter\CodeIgniter->run()
